(xedu) PS E:\StevenWork\mmyolo> python tools/train.py configs/yolov8/ocean_trash_train.py
Loaded 13 classes: ('beer bottle', 'tire', 'plastic shell', 'gunny sack', 'plastic bottle', 'can', 'fishing gear', 'ointment', 'plastic bag', 'plastic packaging bag', 'glove', 'ground cage', 'fishing net')
===== ocean_trash.py configuration summary =====
 num_classes = 13
 max_epochs = 120
 train_dataloader.batch_size = 20
 base_lr = N/A
 load_from = E:\StevenWork\UnderwaterGarbageClassification\models\yolov8_s_mask-refine_syncbn_fast_8xb16-500e_coco_20230216_095938-ce3c1b3f.pth
===============================================
05/03 17:56:23 - mmengine - WARNING - Failed to search registry with scope "mmyolo" in the "log_processor" registry tree. As a workaround, the current "log_processor" registry in "mmengine" is used to build instance. This may cause unexpected failure when running the built modules. Please check whether "mmyolo" is a correct scope, or whether the registry is initialized.
05/03 17:56:23 - mmengine - INFO -
------------------------------------------------------------
System environment:
    sys.platform: win32
    Python: 3.10.20 | packaged by Anaconda, Inc. | (main, Mar 11 2026, 17:42:35) [MSC v.1942 64 bit (AMD64)]
    CUDA available: True
    MUSA available: False
    numpy_random_seed: 119045703
    GPU 0: NVIDIA RTX 4000 Ada Generation
    CUDA_HOME: C:\Program Files\NVIDIA GPU Computing Toolkit\CUDA\v12.2
    NVCC: Cuda compilation tools, release 12.2, V12.2.91
    GCC: n/a
    PyTorch: 2.0.1+cu118
    PyTorch compiling details: PyTorch built with:
  - C++ Version: 199711
  - MSVC 193431937
  - Intel(R) Math Kernel Library Version 2020.0.2 Product Build 20200624 for Intel(R) 64 architecture applications
  - Intel(R) MKL-DNN v2.7.3 (Git Hash 6dbeffbae1f23cbbeae17adb7b5b13f1f37c080e)
  - OpenMP 2019
  - LAPACK is enabled (usually provided by MKL)
  - CPU capability usage: AVX2
  - CUDA Runtime 11.8
  - NVCC architecture flags: -gencode;arch=compute_37,code=sm_37;-gencode;arch=compute_50,code=sm_50;-gencode;arch=compute_60,code=sm_60;-gencode;arch=compute_61,code=sm_61;-gencode;arch=compute_70,code=sm_70;-gencode;arch=compute_75,code=sm_75;-gencode;arch=compute_80,code=sm_80;-gencode;arch=compute_86,code=sm_86;-gencode;arch=compute_90,code=sm_90;-gencode;arch=compute_37,code=compute_37
  - CuDNN 8.7
  - Magma 2.5.4
  - Build settings: BLAS_INFO=mkl, BUILD_TYPE=Release, CUDA_VERSION=11.8, CUDNN_VERSION=8.7.0, CXX_COMPILER=C:/actions-runner/_work/pytorch/pytorch/builder/windows/tmp_bin/sccache-cl.exe, CXX_FLAGS=/DWIN32 /D_WINDOWS /GR /EHsc /w /bigobj /FS -DUSE_PTHREADPOOL -DNDEBUG -DUSE_KINETO -DLIBKINETO_NOCUPTI -DLIBKINETO_NOROCTRACER -DUSE_FBGEMM -DUSE_XNNPACK -DSYMBOLICATE_MOBILE_DEBUG_HANDLE, LAPACK_INFO=mkl, PERF_WITH_AVX=1, PERF_WITH_AVX2=1, PERF_WITH_AVX512=1, TORCH_DISABLE_GPU_ASSERTS=OFF, TORCH_VERSION=2.0.1, USE_CUDA=ON, USE_CUDNN=ON, USE_EXCEPTION_PTR=1, USE_GFLAGS=OFF, USE_GLOG=OFF, USE_MKL=ON, USE_MKLDNN=ON, USE_MPI=OFF, USE_NCCL=OFF, USE_NNPACK=OFF, USE_OPENMP=ON, USE_ROCM=OFF,

    TorchVision: 0.15.2+cu118
    OpenCV: 4.13.0
    MMEngine: 0.10.7

Runtime environment:
    cudnn_benchmark: True
    mp_cfg: {'mp_start_method': 'fork', 'opencv_num_threads': 0}
    dist_cfg: {'backend': 'nccl'}
    seed: 119045703
    Distributed launcher: none
    Distributed training: False
    GPU number: 1
------------------------------------------------------------

05/03 17:56:24 - mmengine - INFO - Config:
_backend_args = None
_multiscale_resize_transforms = [
    dict(
        transforms=[
            dict(scale=(
                640,
                640,
            ), type='YOLOv5KeepRatioResize'),
            dict(
                allow_scale_up=False,
                pad_val=dict(img=114),
                scale=(
                    640,
                    640,
                ),
                type='LetterResize'),
        ],
        type='Compose'),
    dict(
        transforms=[
            dict(scale=(
                320,
                320,
            ), type='YOLOv5KeepRatioResize'),
            dict(
                allow_scale_up=False,
                pad_val=dict(img=114),
                scale=(
                    320,
                    320,
                ),
                type='LetterResize'),
        ],
        type='Compose'),
    dict(
        transforms=[
            dict(scale=(
                960,
                960,
            ), type='YOLOv5KeepRatioResize'),
            dict(
                allow_scale_up=False,
                pad_val=dict(img=114),
                scale=(
                    960,
                    960,
                ),
                type='LetterResize'),
        ],
        type='Compose'),
]
affine_scale = 0.5
albu_train_transforms = [
    dict(p=0.01, type='Blur'),
    dict(p=0.01, type='MedianBlur'),
    dict(p=0.01, type='ToGray'),
    dict(p=0.01, type='CLAHE'),
]
backend_args = None
base_lr = 0.01
batch_shapes_cfg = None
class_name = (
    'beer bottle',
    'tire',
    'plastic shell',
    'gunny sack',
    'plastic bottle',
    'can',
    'fishing gear',
    'ointment',
    'plastic bag',
    'plastic packaging bag',
    'glove',
    'ground cage',
    'fishing net',
)
close_mosaic_epochs = 10
custom_hooks = [
    dict(
        ema_type='ExpMomentumEMA',
        momentum=0.0001,
        priority=49,
        strict_load=False,
        type='EMAHook',
        update_buffers=True),
    dict(
        switch_epoch=490,
        switch_pipeline=[
            dict(backend_args=None, type='LoadImageFromFile'),
            dict(type='LoadAnnotations', with_bbox=True),
            dict(scale=(
                640,
                640,
            ), type='YOLOv5KeepRatioResize'),
            dict(
                allow_scale_up=True,
                pad_val=dict(img=114.0),
                scale=(
                    640,
                    640,
                ),
                type='LetterResize'),
            dict(
                border_val=(
                    114,
                    114,
                    114,
                ),
                max_aspect_ratio=100,
                max_rotate_degree=0.0,
                max_shear_degree=0.0,
                scaling_ratio_range=(
                    0.5,
                    1.5,
                ),
                type='YOLOv5RandomAffine'),
            dict(
                bbox_params=dict(
                    format='pascal_voc',
                    label_fields=[
                        'gt_bboxes_labels',
                        'gt_ignore_flags',
                    ],
                    type='BboxParams'),
                keymap=dict(gt_bboxes='bboxes', img='image'),
                transforms=[
                    dict(p=0.01, type='Blur'),
                    dict(p=0.01, type='MedianBlur'),
                    dict(p=0.01, type='ToGray'),
                    dict(p=0.01, type='CLAHE'),
                ],
                type='mmdet.Albu'),
            dict(type='YOLOv5HSVRandomAug'),
            dict(prob=0.5, type='mmdet.RandomFlip'),
            dict(
                meta_keys=(
                    'img_id',
                    'img_path',
                    'ori_shape',
                    'img_shape',
                    'flip',
                    'flip_direction',
                ),
                type='mmdet.PackDetInputs'),
        ],
        type='mmdet.PipelineSwitchHook'),
]
data_root = 'E:\\StevenWork\\UnderwaterGarbageClassification\\dataset\\splitData\\'
dataset_type = 'YOLOv5CocoDataset'
deepen_factor = 0.33
default_hooks = dict(
    checkpoint=dict(
        interval=10, max_keep_ckpts=2, save_best='auto',
        type='CheckpointHook'),
    logger=dict(interval=50, type='LoggerHook'),
    param_scheduler=dict(type='ParamSchedulerHook'),
    sampler_seed=dict(type='DistSamplerSeedHook'),
    timer=dict(type='IterTimerHook'),
    visualization=dict(type='mmdet.DetVisualizationHook'))
default_scope = 'mmyolo'
env_cfg = dict(
    cudnn_benchmark=True,
    dist_cfg=dict(backend='nccl'),
    mp_cfg=dict(mp_start_method='fork', opencv_num_threads=0))
img_scale = (
    640,
    640,
)
img_scales = [
    (
        640,
        640,
    ),
    (
        320,
        320,
    ),
    (
        960,
        960,
    ),
]
last_stage_out_channels = 1024
last_transform = [
    dict(
        bbox_params=dict(
            format='pascal_voc',
            label_fields=[
                'gt_bboxes_labels',
                'gt_ignore_flags',
            ],
            type='BboxParams'),
        keymap=dict(gt_bboxes='bboxes', img='image'),
        transforms=[
            dict(p=0.01, type='Blur'),
            dict(p=0.01, type='MedianBlur'),
            dict(p=0.01, type='ToGray'),
            dict(p=0.01, type='CLAHE'),
        ],
        type='mmdet.Albu'),
    dict(type='YOLOv5HSVRandomAug'),
    dict(prob=0.5, type='mmdet.RandomFlip'),
    dict(
        meta_keys=(
            'img_id',
            'img_path',
            'ori_shape',
            'img_shape',
            'flip',
            'flip_direction',
        ),
        type='mmdet.PackDetInputs'),
]
launcher = 'none'
load_from = 'E:\\StevenWork\\UnderwaterGarbageClassification\\models\\yolov8_s_mask-refine_syncbn_fast_8xb16-500e_coco_20230216_095938-ce3c1b3f.pth'
log_level = 'INFO'
log_processor = dict(by_epoch=True, type='LogProcessor', window_size=50)
loss_bbox_weight = 7.5
loss_cls_weight = 0.5
loss_dfl_weight = 0.375
lr_factor = 0.01
max_aspect_ratio = 100
max_epochs = 120
max_keep_ckpts = 2
metainfo = dict(
    classes=(
        'beer bottle',
        'tire',
        'plastic shell',
        'gunny sack',
        'plastic bottle',
        'can',
        'fishing gear',
        'ointment',
        'plastic bag',
        'plastic packaging bag',
        'glove',
        'ground cage',
        'fishing net',
    ))
model = dict(
    backbone=dict(
        act_cfg=dict(inplace=True, type='SiLU'),
        arch='P5',
        deepen_factor=0.33,
        last_stage_out_channels=1024,
        norm_cfg=dict(eps=0.001, momentum=0.03, type='BN'),
        type='YOLOv8CSPDarknet',
        widen_factor=0.5),
    bbox_head=dict(
        bbox_coder=dict(type='DistancePointBBoxCoder'),
        head_module=dict(
            act_cfg=dict(inplace=True, type='SiLU'),
            featmap_strides=[
                8,
                16,
                32,
            ],
            in_channels=[
                256,
                512,
                1024,
            ],
            norm_cfg=dict(eps=0.001, momentum=0.03, type='BN'),
            num_classes=13,
            reg_max=16,
            type='YOLOv8HeadModule',
            widen_factor=0.5),
        loss_bbox=dict(
            bbox_format='xyxy',
            iou_mode='ciou',
            loss_weight=7.5,
            reduction='sum',
            return_iou=False,
            type='IoULoss'),
        loss_cls=dict(
            loss_weight=0.5,
            reduction='none',
            type='mmdet.CrossEntropyLoss',
            use_sigmoid=True),
        loss_dfl=dict(
            loss_weight=0.375,
            reduction='mean',
            type='mmdet.DistributionFocalLoss'),
        prior_generator=dict(
            offset=0.5, strides=[
                8,
                16,
                32,
            ], type='mmdet.MlvlPointGenerator'),
        type='YOLOv8Head'),
    data_preprocessor=dict(
        bgr_to_rgb=True,
        mean=[
            0.0,
            0.0,
            0.0,
        ],
        std=[
            255.0,
            255.0,
            255.0,
        ],
        type='YOLOv5DetDataPreprocessor'),
    neck=dict(
        act_cfg=dict(inplace=True, type='SiLU'),
        deepen_factor=0.33,
        in_channels=[
            256,
            512,
            1024,
        ],
        norm_cfg=dict(eps=0.001, momentum=0.03, type='BN'),
        num_csp_blocks=3,
        out_channels=[
            256,
            512,
            1024,
        ],
        type='YOLOv8PAFPN',
        widen_factor=0.5),
    test_cfg=dict(
        max_per_img=300,
        multi_label=True,
        nms=dict(iou_threshold=0.7, type='nms'),
        nms_pre=30000,
        score_thr=0.001),
    train_cfg=dict(
        assigner=dict(
            alpha=0.5,
            beta=6.0,
            eps=1e-09,
            num_classes=13,
            topk=10,
            type='BatchTaskAlignedAssigner',
            use_ciou=True)),
    type='YOLODetector')
model_test_cfg = dict(
    max_per_img=300,
    multi_label=True,
    nms=dict(iou_threshold=0.7, type='nms'),
    nms_pre=30000,
    score_thr=0.001)
norm_cfg = dict(eps=0.001, momentum=0.03, type='BN')
num_classes = 13
num_det_layers = 3
optim_wrapper = dict(
    clip_grad=dict(max_norm=10.0),
    constructor='YOLOv5OptimizerConstructor',
    optimizer=dict(
        batch_size_per_gpu=16,
        lr=0.01,
        momentum=0.937,
        nesterov=True,
        type='SGD',
        weight_decay=0.0005),
    type='OptimWrapper')
param_scheduler = [
    dict(begin=0, by_epoch=True, end=5, start_factor=0.0001, type='LinearLR'),
    dict(
        T_max=120,
        begin=5,
        by_epoch=True,
        convert_to_iter_based=True,
        end=120,
        eta_min=0.0001,
        type='CosineAnnealingLR'),
]
persistent_workers = True
pre_transform = [
    dict(backend_args=None, type='LoadImageFromFile'),
    dict(type='LoadAnnotations', with_bbox=True),
]
resume = False
save_epoch_intervals = 10
strides = [
    8,
    16,
    32,
]
tal_alpha = 0.5
tal_beta = 6.0
tal_topk = 10
tb = 20
test_cfg = dict(type='TestLoop')
test_dataloader = dict(
    batch_size=1,
    dataset=dict(
        ann_file='annotations\\annotationsCocoVal.json',
        batch_shapes_cfg=None,
        data_prefix=dict(img='images\\val\\'),
        data_root=
        'E:\\StevenWork\\UnderwaterGarbageClassification\\dataset\\splitData\\',
        metainfo=dict(
            classes=(
                'beer bottle',
                'tire',
                'plastic shell',
                'gunny sack',
                'plastic bottle',
                'can',
                'fishing gear',
                'ointment',
                'plastic bag',
                'plastic packaging bag',
                'glove',
                'ground cage',
                'fishing net',
            )),
        pipeline=[
            dict(backend_args=None, type='LoadImageFromFile'),
            dict(scale=(
                640,
                640,
            ), type='YOLOv5KeepRatioResize'),
            dict(
                allow_scale_up=False,
                pad_val=dict(img=114),
                scale=(
                    640,
                    640,
                ),
                type='LetterResize'),
            dict(_scope_='mmdet', type='LoadAnnotations', with_bbox=True),
            dict(
                meta_keys=(
                    'img_id',
                    'img_path',
                    'ori_shape',
                    'img_shape',
                    'scale_factor',
                    'pad_param',
                ),
                type='mmdet.PackDetInputs'),
        ],
        test_mode=True,
        type='YOLOv5CocoDataset'),
    drop_last=False,
    num_workers=2,
    persistent_workers=True,
    pin_memory=True,
    sampler=dict(shuffle=False, type='DefaultSampler'))
test_evaluator = dict(
    ann_file=
    'E:\\StevenWork\\UnderwaterGarbageClassification\\dataset\\splitData\\annotations\\annotationsCocoVal.json',
    metric='bbox',
    proposal_nums=(
        100,
        1,
        10,
    ),
    type='mmdet.CocoMetric')
test_pipeline = [
    dict(backend_args=None, type='LoadImageFromFile'),
    dict(scale=(
        640,
        640,
    ), type='YOLOv5KeepRatioResize'),
    dict(
        allow_scale_up=False,
        pad_val=dict(img=114),
        scale=(
            640,
            640,
        ),
        type='LetterResize'),
    dict(_scope_='mmdet', type='LoadAnnotations', with_bbox=True),
    dict(
        meta_keys=(
            'img_id',
            'img_path',
            'ori_shape',
            'img_shape',
            'scale_factor',
            'pad_param',
        ),
        type='mmdet.PackDetInputs'),
]
train_ann_file = 'annotations\\annotationsCocoTrain.json'
train_batch_size_per_gpu = 16
train_cfg = dict(
    dynamic_intervals=[
        (
            490,
            1,
        ),
    ],
    max_epochs=120,
    type='EpochBasedTrainLoop',
    val_interval=10)
train_data_prefix = 'images\\train\\'
train_dataloader = dict(
    batch_size=20,
    collate_fn=dict(type='yolov5_collate'),
    dataset=dict(
        ann_file='annotations\\annotationsCocoTrain.json',
        data_prefix=dict(img='images\\train\\'),
        data_root=
        'E:\\StevenWork\\UnderwaterGarbageClassification\\dataset\\splitData\\',
        filter_cfg=dict(filter_empty_gt=False, min_size=32),
        metainfo=dict(
            classes=(
                'beer bottle',
                'tire',
                'plastic shell',
                'gunny sack',
                'plastic bottle',
                'can',
                'fishing gear',
                'ointment',
                'plastic bag',
                'plastic packaging bag',
                'glove',
                'ground cage',
                'fishing net',
            )),
        pipeline=[
            dict(backend_args=None, type='LoadImageFromFile'),
            dict(type='LoadAnnotations', with_bbox=True),
            dict(
                img_scale=(
                    640,
                    640,
                ),
                pad_val=114.0,
                pre_transform=[
                    dict(backend_args=None, type='LoadImageFromFile'),
                    dict(type='LoadAnnotations', with_bbox=True),
                ],
                type='Mosaic'),
            dict(
                border=(
                    -320,
                    -320,
                ),
                border_val=(
                    114,
                    114,
                    114,
                ),
                max_aspect_ratio=100,
                max_rotate_degree=0.0,
                max_shear_degree=0.0,
                scaling_ratio_range=(
                    0.5,
                    1.5,
                ),
                type='YOLOv5RandomAffine'),
            dict(
                bbox_params=dict(
                    format='pascal_voc',
                    label_fields=[
                        'gt_bboxes_labels',
                        'gt_ignore_flags',
                    ],
                    type='BboxParams'),
                keymap=dict(gt_bboxes='bboxes', img='image'),
                transforms=[
                    dict(p=0.01, type='Blur'),
                    dict(p=0.01, type='MedianBlur'),
                    dict(p=0.01, type='ToGray'),
                    dict(p=0.01, type='CLAHE'),
                ],
                type='mmdet.Albu'),
            dict(type='YOLOv5HSVRandomAug'),
            dict(prob=0.5, type='mmdet.RandomFlip'),
            dict(
                meta_keys=(
                    'img_id',
                    'img_path',
                    'ori_shape',
                    'img_shape',
                    'flip',
                    'flip_direction',
                ),
                type='mmdet.PackDetInputs'),
        ],
        type='YOLOv5CocoDataset'),
    num_workers=8,
    persistent_workers=True,
    pin_memory=True,
    sampler=dict(shuffle=True, type='DefaultSampler'))
train_num_workers = 8
train_pipeline = [
    dict(backend_args=None, type='LoadImageFromFile'),
    dict(type='LoadAnnotations', with_bbox=True),
    dict(
        img_scale=(
            640,
            640,
        ),
        pad_val=114.0,
        pre_transform=[
            dict(backend_args=None, type='LoadImageFromFile'),
            dict(type='LoadAnnotations', with_bbox=True),
        ],
        type='Mosaic'),
    dict(
        border=(
            -320,
            -320,
        ),
        border_val=(
            114,
            114,
            114,
        ),
        max_aspect_ratio=100,
        max_rotate_degree=0.0,
        max_shear_degree=0.0,
        scaling_ratio_range=(
            0.5,
            1.5,
        ),
        type='YOLOv5RandomAffine'),
    dict(
        bbox_params=dict(
            format='pascal_voc',
            label_fields=[
                'gt_bboxes_labels',
                'gt_ignore_flags',
            ],
            type='BboxParams'),
        keymap=dict(gt_bboxes='bboxes', img='image'),
        transforms=[
            dict(p=0.01, type='Blur'),
            dict(p=0.01, type='MedianBlur'),
            dict(p=0.01, type='ToGray'),
            dict(p=0.01, type='CLAHE'),
        ],
        type='mmdet.Albu'),
    dict(type='YOLOv5HSVRandomAug'),
    dict(prob=0.5, type='mmdet.RandomFlip'),
    dict(
        meta_keys=(
            'img_id',
            'img_path',
            'ori_shape',
            'img_shape',
            'flip',
            'flip_direction',
        ),
        type='mmdet.PackDetInputs'),
]
train_pipeline_stage2 = [
    dict(backend_args=None, type='LoadImageFromFile'),
    dict(type='LoadAnnotations', with_bbox=True),
    dict(scale=(
        640,
        640,
    ), type='YOLOv5KeepRatioResize'),
    dict(
        allow_scale_up=True,
        pad_val=dict(img=114.0),
        scale=(
            640,
            640,
        ),
        type='LetterResize'),
    dict(
        border_val=(
            114,
            114,
            114,
        ),
        max_aspect_ratio=100,
        max_rotate_degree=0.0,
        max_shear_degree=0.0,
        scaling_ratio_range=(
            0.5,
            1.5,
        ),
        type='YOLOv5RandomAffine'),
    dict(
        bbox_params=dict(
            format='pascal_voc',
            label_fields=[
                'gt_bboxes_labels',
                'gt_ignore_flags',
            ],
            type='BboxParams'),
        keymap=dict(gt_bboxes='bboxes', img='image'),
        transforms=[
            dict(p=0.01, type='Blur'),
            dict(p=0.01, type='MedianBlur'),
            dict(p=0.01, type='ToGray'),
            dict(p=0.01, type='CLAHE'),
        ],
        type='mmdet.Albu'),
    dict(type='YOLOv5HSVRandomAug'),
    dict(prob=0.5, type='mmdet.RandomFlip'),
    dict(
        meta_keys=(
            'img_id',
            'img_path',
            'ori_shape',
            'img_shape',
            'flip',
            'flip_direction',
        ),
        type='mmdet.PackDetInputs'),
]
tta_model = dict(
    tta_cfg=dict(max_per_img=300, nms=dict(iou_threshold=0.65, type='nms')),
    type='mmdet.DetTTAModel')
tta_pipeline = [
    dict(backend_args=None, type='LoadImageFromFile'),
    dict(
        transforms=[
            [
                dict(
                    transforms=[
                        dict(scale=(
                            640,
                            640,
                        ), type='YOLOv5KeepRatioResize'),
                        dict(
                            allow_scale_up=False,
                            pad_val=dict(img=114),
                            scale=(
                                640,
                                640,
                            ),
                            type='LetterResize'),
                    ],
                    type='Compose'),
                dict(
                    transforms=[
                        dict(scale=(
                            320,
                            320,
                        ), type='YOLOv5KeepRatioResize'),
                        dict(
                            allow_scale_up=False,
                            pad_val=dict(img=114),
                            scale=(
                                320,
                                320,
                            ),
                            type='LetterResize'),
                    ],
                    type='Compose'),
                dict(
                    transforms=[
                        dict(scale=(
                            960,
                            960,
                        ), type='YOLOv5KeepRatioResize'),
                        dict(
                            allow_scale_up=False,
                            pad_val=dict(img=114),
                            scale=(
                                960,
                                960,
                            ),
                            type='LetterResize'),
                    ],
                    type='Compose'),
            ],
            [
                dict(prob=1.0, type='mmdet.RandomFlip'),
                dict(prob=0.0, type='mmdet.RandomFlip'),
            ],
            [
                dict(type='mmdet.LoadAnnotations', with_bbox=True),
            ],
            [
                dict(
                    meta_keys=(
                        'img_id',
                        'img_path',
                        'ori_shape',
                        'img_shape',
                        'scale_factor',
                        'pad_param',
                        'flip',
                        'flip_direction',
                    ),
                    type='mmdet.PackDetInputs'),
            ],
        ],
        type='TestTimeAug'),
]
val_ann_file = 'annotations\\annotationsCocoVal.json'
val_batch_size_per_gpu = 1
val_cfg = dict(type='ValLoop')
val_data_prefix = 'images\\val\\'
val_dataloader = dict(
    batch_size=1,
    dataset=dict(
        ann_file='annotations\\annotationsCocoVal.json',
        batch_shapes_cfg=None,
        data_prefix=dict(img='images\\val\\'),
        data_root=
        'E:\\StevenWork\\UnderwaterGarbageClassification\\dataset\\splitData\\',
        metainfo=dict(
            classes=(
                'beer bottle',
                'tire',
                'plastic shell',
                'gunny sack',
                'plastic bottle',
                'can',
                'fishing gear',
                'ointment',
                'plastic bag',
                'plastic packaging bag',
                'glove',
                'ground cage',
                'fishing net',
            )),
        pipeline=[
            dict(backend_args=None, type='LoadImageFromFile'),
            dict(scale=(
                640,
                640,
            ), type='YOLOv5KeepRatioResize'),
            dict(
                allow_scale_up=False,
                pad_val=dict(img=114),
                scale=(
                    640,
                    640,
                ),
                type='LetterResize'),
            dict(_scope_='mmdet', type='LoadAnnotations', with_bbox=True),
            dict(
                meta_keys=(
                    'img_id',
                    'img_path',
                    'ori_shape',
                    'img_shape',
                    'scale_factor',
                    'pad_param',
                ),
                type='mmdet.PackDetInputs'),
        ],
        test_mode=True,
        type='YOLOv5CocoDataset'),
    drop_last=False,
    num_workers=2,
    persistent_workers=True,
    pin_memory=True,
    sampler=dict(shuffle=False, type='DefaultSampler'))
val_evaluator = dict(
    ann_file=
    'E:\\StevenWork\\UnderwaterGarbageClassification\\dataset\\splitData\\annotations\\annotationsCocoVal.json',
    metric='bbox',
    proposal_nums=(
        100,
        1,
        10,
    ),
    type='mmdet.CocoMetric')
val_interval_stage2 = 1
val_num_workers = 2
vis_backends = [
    dict(type='LocalVisBackend'),
]
visualizer = dict(
    name='visualizer',
    type='mmdet.DetLocalVisualizer',
    vis_backends=[
        dict(type='LocalVisBackend'),
    ])
weight_decay = 0.0005
widen_factor = 0.5
work_dir = './work_dirs\\ocean_trash_train'

05/03 17:56:25 - mmengine - INFO - Distributed training is not used, all SyncBatchNorm (SyncBN) layers in the model will be automatically reverted to BatchNormXd layers if they are used.
05/03 17:56:25 - mmengine - INFO - Hooks will be executed in the following order:
before_run:
(VERY_HIGH   ) RuntimeInfoHook
(49          ) EMAHook
(BELOW_NORMAL) LoggerHook
 --------------------
after_load_checkpoint:
(49          ) EMAHook
 --------------------
before_train:
(VERY_HIGH   ) RuntimeInfoHook
(49          ) EMAHook
(NORMAL      ) IterTimerHook
(VERY_LOW    ) CheckpointHook
 --------------------
before_train_epoch:
(VERY_HIGH   ) RuntimeInfoHook
(NORMAL      ) IterTimerHook
(NORMAL      ) DistSamplerSeedHook
(NORMAL      ) PipelineSwitchHook
 --------------------
before_train_iter:
(VERY_HIGH   ) RuntimeInfoHook
(NORMAL      ) IterTimerHook
 --------------------
after_train_iter:
(VERY_HIGH   ) RuntimeInfoHook
(49          ) EMAHook
(NORMAL      ) IterTimerHook
(BELOW_NORMAL) LoggerHook
(LOW         ) ParamSchedulerHook
(VERY_LOW    ) CheckpointHook
 --------------------
after_train_epoch:
(NORMAL      ) IterTimerHook
(LOW         ) ParamSchedulerHook
(VERY_LOW    ) CheckpointHook
 --------------------
before_val:
(VERY_HIGH   ) RuntimeInfoHook
 --------------------
before_val_epoch:
(49          ) EMAHook
(NORMAL      ) IterTimerHook
 --------------------
before_val_iter:
(NORMAL      ) IterTimerHook
 --------------------
after_val_iter:
(NORMAL      ) IterTimerHook
(NORMAL      ) DetVisualizationHook
(BELOW_NORMAL) LoggerHook
 --------------------
after_val_epoch:
(VERY_HIGH   ) RuntimeInfoHook
(49          ) EMAHook
(NORMAL      ) IterTimerHook
(BELOW_NORMAL) LoggerHook
(LOW         ) ParamSchedulerHook
(VERY_LOW    ) CheckpointHook
 --------------------
after_val:
(VERY_HIGH   ) RuntimeInfoHook
 --------------------
before_save_checkpoint:
(49          ) EMAHook
 --------------------
after_train:
(VERY_HIGH   ) RuntimeInfoHook
(VERY_LOW    ) CheckpointHook
 --------------------
before_test:
(VERY_HIGH   ) RuntimeInfoHook
 --------------------
before_test_epoch:
(49          ) EMAHook
(NORMAL      ) IterTimerHook
 --------------------
before_test_iter:
(NORMAL      ) IterTimerHook
 --------------------
after_test_iter:
(NORMAL      ) IterTimerHook
(NORMAL      ) DetVisualizationHook
(BELOW_NORMAL) LoggerHook
 --------------------
after_test_epoch:
(VERY_HIGH   ) RuntimeInfoHook
(49          ) EMAHook
(NORMAL      ) IterTimerHook
(BELOW_NORMAL) LoggerHook
 --------------------
after_test:
(VERY_HIGH   ) RuntimeInfoHook
 --------------------
after_run:
(BELOW_NORMAL) LoggerHook
 --------------------
E:\App\anaconda3\envs\xedu\lib\site-packages\albumentations\core\composition.py:331: UserWarning: Got processor for bboxes, but no transform to process it.
  self._set_keys()
loading annotations into memory...
Done (t=0.00s)
creating index...
index created!
05/03 17:56:25 - mmengine - INFO - Optimizer groups: 63 .bias, 63 conv.weight, 57 other
loading annotations into memory...
Done (t=0.00s)
creating index...
index created!
loading annotations into memory...
Done (t=0.00s)
creating index...
index created!
Loads checkpoint by local backend from path: E:\StevenWork\UnderwaterGarbageClassification\models\yolov8_s_mask-refine_syncbn_fast_8xb16-500e_coco_20230216_095938-ce3c1b3f.pth
The model and loaded state dict do not match exactly

size mismatch for bbox_head.head_module.cls_preds.0.2.weight: copying a param with shape torch.Size([80, 128, 1, 1]) from checkpoint, the shape in current model is torch.Size([13, 128, 1, 1]).
size mismatch for bbox_head.head_module.cls_preds.0.2.bias: copying a param with shape torch.Size([80]) from checkpoint, the shape in current model is torch.Size([13]).
size mismatch for bbox_head.head_module.cls_preds.1.2.weight: copying a param with shape torch.Size([80, 128, 1, 1]) from checkpoint, the shape in current model is torch.Size([13, 128, 1, 1]).
size mismatch for bbox_head.head_module.cls_preds.1.2.bias: copying a param with shape torch.Size([80]) from checkpoint, the shape in current model is torch.Size([13]).
size mismatch for bbox_head.head_module.cls_preds.2.2.weight: copying a param with shape torch.Size([80, 128, 1, 1]) from checkpoint, the shape in current model is torch.Size([13, 128, 1, 1]).
size mismatch for bbox_head.head_module.cls_preds.2.2.bias: copying a param with shape torch.Size([80]) from checkpoint, the shape in current model is torch.Size([13]).
The model and loaded state dict do not match exactly

size mismatch for bbox_head.head_module.cls_preds.0.2.weight: copying a param with shape torch.Size([80, 128, 1, 1]) from checkpoint, the shape in current model is torch.Size([13, 128, 1, 1]).
size mismatch for bbox_head.head_module.cls_preds.0.2.bias: copying a param with shape torch.Size([80]) from checkpoint, the shape in current model is torch.Size([13]).
size mismatch for bbox_head.head_module.cls_preds.1.2.weight: copying a param with shape torch.Size([80, 128, 1, 1]) from checkpoint, the shape in current model is torch.Size([13, 128, 1, 1]).
size mismatch for bbox_head.head_module.cls_preds.1.2.bias: copying a param with shape torch.Size([80]) from checkpoint, the shape in current model is torch.Size([13]).
size mismatch for bbox_head.head_module.cls_preds.2.2.weight: copying a param with shape torch.Size([80, 128, 1, 1]) from checkpoint, the shape in current model is torch.Size([13, 128, 1, 1]).
size mismatch for bbox_head.head_module.cls_preds.2.2.bias: copying a param with shape torch.Size([80]) from checkpoint, the shape in current model is torch.Size([13]).
05/03 17:56:26 - mmengine - INFO - Load checkpoint from E:\StevenWork\UnderwaterGarbageClassification\models\yolov8_s_mask-refine_syncbn_fast_8xb16-500e_coco_20230216_095938-ce3c1b3f.pth
05/03 17:56:26 - mmengine - WARNING - "FileClient" will be deprecated in future. Please use io functions in https://mmengine.readthedocs.io/en/latest/api/fileio.html#file-io
05/03 17:56:26 - mmengine - WARNING - "HardDiskBackend" is the alias of "LocalBackend" and the former will be deprecated in future.
05/03 17:56:26 - mmengine - INFO - Checkpoints will be saved to E:\StevenWork\mmyolo\work_dirs\ocean_trash_train.
E:\App\anaconda3\envs\xedu\lib\site-packages\torch\functional.py:504: UserWarning: torch.meshgrid: in an upcoming release, it will be required to pass the indexing argument. (Triggered internally at ..\aten\src\ATen\native\TensorShape.cpp:3484.)
  return _VF.meshgrid(tensors, **kwargs)  # type: ignore[attr-defined]
05/03 17:57:15 - mmengine - INFO - Exp name: ocean_trash_train_20260503_175623
05/03 17:57:15 - mmengine - INFO - Epoch(train)   [1][8/8]  base_lr: 1.0000e-06 lr: 1.0000e-06  eta: 1:37:43  time: 6.1588  data_time: 4.7444  memory: 11973  grad_norm: 1289.1575  loss: 184.1076  loss_cls: 116.2379  loss_bbox: 34.9497  loss_dfl: 32.9200
05/03 17:57:20 - mmengine - INFO - Exp name: ocean_trash_train_20260503_175623
05/03 17:57:20 - mmengine - INFO - Epoch(train)   [2][8/8]  base_lr: 2.5008e-03 lr: 2.5008e-03  eta: 0:53:24  time: 3.3951  data_time: 2.5510  memory: 7413  grad_norm: 1070.9828  loss: 164.3174  loss_cls: 98.6081  loss_bbox: 33.6574  loss_dfl: 32.0519
05/03 17:57:26 - mmengine - INFO - Exp name: ocean_trash_train_20260503_175623
05/03 17:57:26 - mmengine - INFO - Epoch(train)   [3][8/8]  base_lr: 5.0005e-03 lr: 5.0005e-03  eta: 0:38:52  time: 2.4924  data_time: 1.8383  memory: 7396  grad_norm: 908.0134  loss: 147.5910  loss_cls: 84.6277  loss_bbox: 32.0193  loss_dfl: 30.9440
05/03 17:57:31 - mmengine - INFO - Exp name: ocean_trash_train_20260503_175623
05/03 17:57:31 - mmengine - INFO - Epoch(train)   [4][8/8]  base_lr: 7.5003e-03 lr: 7.5003e-03  eta: 0:31:29  time: 2.0360  data_time: 1.4792  memory: 7413  grad_norm: 832.5665  loss: 137.2060  loss_cls: 75.5134  loss_bbox: 31.2586  loss_dfl: 30.4340
05/03 17:57:37 - mmengine - INFO - Exp name: ocean_trash_train_20260503_175623
05/03 17:57:37 - mmengine - INFO - Epoch(train)   [5][8/8]  base_lr: 1.0000e-02 lr: 1.0000e-02  eta: 0:27:01  time: 1.7629  data_time: 1.2624  memory: 7413  grad_norm: 767.7966  loss: 131.6949  loss_cls: 70.6080  loss_bbox: 30.9023  loss_dfl: 30.1846
05/03 17:57:42 - mmengine - INFO - Exp name: ocean_trash_train_20260503_175623
05/03 17:57:42 - mmengine - INFO - Epoch(train)   [6][8/8]  base_lr: 9.9987e-03 lr: 9.9987e-03  eta: 0:24:07  time: 1.5868  data_time: 1.1263  memory: 7379  grad_norm: 725.9574  loss: 129.0552  loss_cls: 67.4628  loss_bbox: 31.0504  loss_dfl: 30.5420
05/03 17:57:48 - mmengine - INFO - Exp name: ocean_trash_train_20260503_175623
05/03 17:57:48 - mmengine - INFO - Epoch(train)   [7][8/8]  base_lr: 9.9940e-03 lr: 9.9940e-03  eta: 0:21:54  time: 0.7360  data_time: 0.3821  memory: 7446  grad_norm: 617.8920  loss: 120.6942  loss_cls: 59.2318  loss_bbox: 30.8845  loss_dfl: 30.5779
05/03 17:57:53 - mmengine - INFO - Exp name: ocean_trash_train_20260503_175623
05/03 17:57:53 - mmengine - INFO - Epoch(train)   [8][8/8]  base_lr: 9.9860e-03 lr: 9.9860e-03  eta: 0:20:14  time: 0.6585  data_time: 0.3895  memory: 7430  grad_norm: 518.7012  loss: 113.9567  loss_cls: 52.4432  loss_bbox: 30.8202  loss_dfl: 30.6932
05/03 17:57:59 - mmengine - INFO - Exp name: ocean_trash_train_20260503_175623
05/03 17:57:59 - mmengine - INFO - Epoch(train)   [9][8/8]  base_lr: 9.9746e-03 lr: 9.9746e-03  eta: 0:18:59  time: 0.6605  data_time: 0.3931  memory: 7430  grad_norm: 478.6714  loss: 113.3553  loss_cls: 50.7327  loss_bbox: 31.4868  loss_dfl: 31.1358
05/03 17:58:04 - mmengine - INFO - Exp name: ocean_trash_train_20260503_175623
05/03 17:58:04 - mmengine - INFO - Epoch(train)  [10][8/8]  base_lr: 9.9597e-03 lr: 9.9597e-03  eta: 0:17:58  time: 0.6667  data_time: 0.3949  memory: 7462  grad_norm: 431.5048  loss: 113.7081  loss_cls: 50.0546  loss_bbox: 32.1022  loss_dfl: 31.5513
05/03 17:58:04 - mmengine - INFO - Saving checkpoint at 10 epochs
05/03 17:58:12 - mmengine - INFO - Evaluating bbox...
Loading and preparing results...
DONE (t=0.00s)
creating index...
index created!
Running per image evaluation...
Evaluate annotation type *bbox*
DONE (t=0.04s).
Accumulating evaluation results...
DONE (t=0.03s).
 Average Precision  (AP) @[ IoU=0.50:0.95 | area=   all | maxDets=100 ] = 0.008
 Average Precision  (AP) @[ IoU=0.50      | area=   all | maxDets=100 ] = 0.016
 Average Precision  (AP) @[ IoU=0.75      | area=   all | maxDets=100 ] = 0.009
 Average Precision  (AP) @[ IoU=0.50:0.95 | area= small | maxDets=100 ] = -1.000
 Average Precision  (AP) @[ IoU=0.50:0.95 | area=medium | maxDets=100 ] = 0.000
 Average Precision  (AP) @[ IoU=0.50:0.95 | area= large | maxDets=100 ] = 0.009
 Average Recall     (AR) @[ IoU=0.50:0.95 | area=   all | maxDets=  1 ] = 0.023
 Average Recall     (AR) @[ IoU=0.50:0.95 | area=   all | maxDets= 10 ] = 0.106
 Average Recall     (AR) @[ IoU=0.50:0.95 | area=   all | maxDets=100 ] = 0.161
 Average Recall     (AR) @[ IoU=0.50:0.95 | area= small | maxDets=100 ] = -1.000
 Average Recall     (AR) @[ IoU=0.50:0.95 | area=medium | maxDets=100 ] = 0.000
 Average Recall     (AR) @[ IoU=0.50:0.95 | area= large | maxDets=100 ] = 0.182
05/03 17:58:12 - mmengine - INFO - bbox_mAP_copypaste: 0.008 0.016 0.009 -1.000 0.000 0.009
05/03 17:58:12 - mmengine - INFO - Epoch(val) [10][18/18]    coco/bbox_mAP: 0.0080  coco/bbox_mAP_50: 0.0160  coco/bbox_mAP_75: 0.0090  coco/bbox_mAP_s: -1.0000  coco/bbox_mAP_m: 0.0000  coco/bbox_mAP_l: 0.0090  data_time: 0.2883  time: 0.3585
05/03 17:58:14 - mmengine - INFO - The best checkpoint with 0.0080 coco/bbox_mAP at 10 epoch is saved to best_coco_bbox_mAP_epoch_10.pth.
05/03 17:58:21 - mmengine - INFO - Exp name: ocean_trash_train_20260503_175623
05/03 17:58:21 - mmengine - INFO - Epoch(train)  [11][8/8]  base_lr: 9.9416e-03 lr: 9.9416e-03  eta: 0:17:04  time: 0.6680  data_time: 0.3943  memory: 7455  grad_norm: 396.7320  loss: 113.5676  loss_cls: 49.2807  loss_bbox: 32.4879  loss_dfl: 31.7990
05/03 17:58:26 - mmengine - INFO - Exp name: ocean_trash_train_20260503_175623
05/03 17:58:26 - mmengine - INFO - Epoch(train)  [12][8/8]  base_lr: 9.9200e-03 lr: 9.9200e-03  eta: 0:16:20  time: 0.6643  data_time: 0.3862  memory: 7455  grad_norm: 367.0340  loss: 112.2703  loss_cls: 48.2617  loss_bbox: 32.3970  loss_dfl: 31.6116
05/03 17:58:32 - mmengine - INFO - Exp name: ocean_trash_train_20260503_175623
05/03 17:58:32 - mmengine - INFO - Epoch(train)  [13][8/8]  base_lr: 9.8952e-03 lr: 9.8952e-03  eta: 0:15:42  time: 0.6705  data_time: 0.3951  memory: 7405  grad_norm: 332.9999  loss: 109.6334  loss_cls: 46.6078  loss_bbox: 31.8280  loss_dfl: 31.1976
05/03 17:58:38 - mmengine - INFO - Exp name: ocean_trash_train_20260503_175623
05/03 17:58:38 - mmengine - INFO - Epoch(train)  [14][8/8]  base_lr: 9.8670e-03 lr: 9.8670e-03  eta: 0:15:08  time: 0.6738  data_time: 0.3970  memory: 7422  grad_norm: 313.8766  loss: 107.3681  loss_cls: 44.9268  loss_bbox: 31.4785  loss_dfl: 30.9628
05/03 17:58:43 - mmengine - INFO - Exp name: ocean_trash_train_20260503_175623
05/03 17:58:43 - mmengine - INFO - Epoch(train)  [15][8/8]  base_lr: 9.8355e-03 lr: 9.8355e-03  eta: 0:14:36  time: 0.6652  data_time: 0.3868  memory: 7405  grad_norm: 296.0259  loss: 105.1063  loss_cls: 43.6487  loss_bbox: 30.8194  loss_dfl: 30.6382
05/03 17:58:48 - mmengine - INFO - Exp name: ocean_trash_train_20260503_175623
05/03 17:58:48 - mmengine - INFO - Epoch(train)  [16][8/8]  base_lr: 9.8007e-03 lr: 9.8007e-03  eta: 0:14:07  time: 0.6575  data_time: 0.3828  memory: 7422  grad_norm: 285.6902  loss: 103.4287  loss_cls: 42.4627  loss_bbox: 30.5419  loss_dfl: 30.4241
05/03 17:58:54 - mmengine - INFO - Exp name: ocean_trash_train_20260503_175623
05/03 17:58:54 - mmengine - INFO - Epoch(train)  [17][8/8]  base_lr: 9.7627e-03 lr: 9.7627e-03  eta: 0:13:44  time: 0.6625  data_time: 0.3874  memory: 7405  grad_norm: 276.1520  loss: 102.2269  loss_cls: 41.4012  loss_bbox: 30.4132  loss_dfl: 30.4125
05/03 17:58:59 - mmengine - INFO - Exp name: ocean_trash_train_20260503_175623
05/03 17:58:59 - mmengine - INFO - Epoch(train)  [18][8/8]  base_lr: 9.7215e-03 lr: 9.7215e-03  eta: 0:13:20  time: 0.6559  data_time: 0.3836  memory: 7472  grad_norm: 268.3939  loss: 101.1637  loss_cls: 40.5610  loss_bbox: 30.2487  loss_dfl: 30.3541
05/03 17:59:04 - mmengine - INFO - Exp name: ocean_trash_train_20260503_175623
05/03 17:59:04 - mmengine - INFO - Epoch(train)  [19][8/8]  base_lr: 9.6770e-03 lr: 9.6770e-03  eta: 0:13:00  time: 0.6553  data_time: 0.3816  memory: 7439  grad_norm: 254.5022  loss: 99.6719  loss_cls: 39.2451  loss_bbox: 30.2063  loss_dfl: 30.2205
05/03 17:59:10 - mmengine - INFO - Exp name: ocean_trash_train_20260503_175623
05/03 17:59:10 - mmengine - INFO - Epoch(train)  [20][8/8]  base_lr: 9.6294e-03 lr: 9.6294e-03  eta: 0:12:40  time: 0.6529  data_time: 0.3792  memory: 7439  grad_norm: 248.2100  loss: 98.0739  loss_cls: 38.1916  loss_bbox: 29.8897  loss_dfl: 29.9927
05/03 17:59:10 - mmengine - INFO - Saving checkpoint at 20 epochs
05/03 17:59:12 - mmengine - INFO - Evaluating bbox...
Loading and preparing results...
DONE (t=0.00s)
creating index...
index created!
Running per image evaluation...
Evaluate annotation type *bbox*
DONE (t=0.03s).
Accumulating evaluation results...
DONE (t=0.02s).
 Average Precision  (AP) @[ IoU=0.50:0.95 | area=   all | maxDets=100 ] = 0.008
 Average Precision  (AP) @[ IoU=0.50      | area=   all | maxDets=100 ] = 0.020
 Average Precision  (AP) @[ IoU=0.75      | area=   all | maxDets=100 ] = 0.003
 Average Precision  (AP) @[ IoU=0.50:0.95 | area= small | maxDets=100 ] = -1.000
 Average Precision  (AP) @[ IoU=0.50:0.95 | area=medium | maxDets=100 ] = 0.050
 Average Precision  (AP) @[ IoU=0.50:0.95 | area= large | maxDets=100 ] = 0.012
 Average Recall     (AR) @[ IoU=0.50:0.95 | area=   all | maxDets=  1 ] = 0.016
 Average Recall     (AR) @[ IoU=0.50:0.95 | area=   all | maxDets= 10 ] = 0.030
 Average Recall     (AR) @[ IoU=0.50:0.95 | area=   all | maxDets=100 ] = 0.124
 Average Recall     (AR) @[ IoU=0.50:0.95 | area= small | maxDets=100 ] = -1.000
 Average Recall     (AR) @[ IoU=0.50:0.95 | area=medium | maxDets=100 ] = 0.300
 Average Recall     (AR) @[ IoU=0.50:0.95 | area= large | maxDets=100 ] = 0.120
05/03 17:59:12 - mmengine - INFO - bbox_mAP_copypaste: 0.008 0.020 0.003 -1.000 0.050 0.012
05/03 17:59:12 - mmengine - INFO - Epoch(val) [20][18/18]    coco/bbox_mAP: 0.0080  coco/bbox_mAP_50: 0.0200  coco/bbox_mAP_75: 0.0030  coco/bbox_mAP_s: -1.0000  coco/bbox_mAP_m: 0.0500  coco/bbox_mAP_l: 0.0120  data_time: 0.0158  time: 0.0243
05/03 17:59:17 - mmengine - INFO - Exp name: ocean_trash_train_20260503_175623
05/03 17:59:17 - mmengine - INFO - Epoch(train)  [21][8/8]  base_lr: 9.5786e-03 lr: 9.5786e-03  eta: 0:12:23  time: 0.6614  data_time: 0.3857  memory: 7405  grad_norm: 244.7148  loss: 97.4619  loss_cls: 37.8888  loss_bbox: 29.7887  loss_dfl: 29.7843
05/03 17:59:23 - mmengine - INFO - Exp name: ocean_trash_train_20260503_175623
05/03 17:59:23 - mmengine - INFO - Epoch(train)  [22][8/8]  base_lr: 9.5247e-03 lr: 9.5247e-03  eta: 0:12:08  time: 0.6714  data_time: 0.3964  memory: 7439  grad_norm: 240.5839  loss: 96.1086  loss_cls: 37.0669  loss_bbox: 29.4345  loss_dfl: 29.6072
05/03 17:59:29 - mmengine - INFO - Exp name: ocean_trash_train_20260503_175623
05/03 17:59:29 - mmengine - INFO - Epoch(train)  [23][8/8]  base_lr: 9.4678e-03 lr: 9.4678e-03  eta: 0:11:53  time: 0.6709  data_time: 0.3988  memory: 7389  grad_norm: 234.6382  loss: 94.4951  loss_cls: 36.1856  loss_bbox: 28.9992  loss_dfl: 29.3103
05/03 17:59:34 - mmengine - INFO - Exp name: ocean_trash_train_20260503_175623
05/03 17:59:34 - mmengine - INFO - Epoch(train)  [24][8/8]  base_lr: 9.4079e-03 lr: 9.4079e-03  eta: 0:11:37  time: 0.6702  data_time: 0.3985  memory: 7422  grad_norm: 231.8570  loss: 93.9208  loss_cls: 35.7663  loss_bbox: 28.8537  loss_dfl: 29.3008
05/03 17:59:39 - mmengine - INFO - Exp name: ocean_trash_train_20260503_175623
05/03 17:59:39 - mmengine - INFO - Epoch(train)  [25][8/8]  base_lr: 9.3449e-03 lr: 9.3449e-03  eta: 0:11:22  time: 0.6688  data_time: 0.3978  memory: 7489  grad_norm: 229.1374  loss: 92.9982  loss_cls: 35.4426  loss_bbox: 28.5462  loss_dfl: 29.0095
05/03 17:59:45 - mmengine - INFO - Exp name: ocean_trash_train_20260503_175623
05/03 17:59:45 - mmengine - INFO - Epoch(train)  [26][8/8]  base_lr: 9.2790e-03 lr: 9.2790e-03  eta: 0:11:10  time: 0.6730  data_time: 0.4019  memory: 7439  grad_norm: 224.8490  loss: 92.0707  loss_cls: 34.8995  loss_bbox: 28.3305  loss_dfl: 28.8407
05/03 17:59:51 - mmengine - INFO - Exp name: ocean_trash_train_20260503_175623
05/03 17:59:51 - mmengine - INFO - Epoch(train)  [27][8/8]  base_lr: 9.2102e-03 lr: 9.2102e-03  eta: 0:10:57  time: 0.6722  data_time: 0.4037  memory: 7405  grad_norm: 213.5860  loss: 90.1056  loss_cls: 33.6590  loss_bbox: 27.9654  loss_dfl: 28.4812
05/03 17:59:56 - mmengine - INFO - Exp name: ocean_trash_train_20260503_175623
05/03 17:59:56 - mmengine - INFO - Epoch(train)  [28][8/8]  base_lr: 9.1386e-03 lr: 9.1386e-03  eta: 0:10:46  time: 0.6717  data_time: 0.4017  memory: 7422  grad_norm: 210.0275  loss: 88.8059  loss_cls: 32.9466  loss_bbox: 27.5920  loss_dfl: 28.2673
05/03 18:00:02 - mmengine - INFO - Exp name: ocean_trash_train_20260503_175623
05/03 18:00:02 - mmengine - INFO - Epoch(train)  [29][8/8]  base_lr: 9.0641e-03 lr: 9.0641e-03  eta: 0:10:34  time: 0.6721  data_time: 0.4006  memory: 7439  grad_norm: 206.8889  loss: 88.5682  loss_cls: 32.8172  loss_bbox: 27.5866  loss_dfl: 28.1644
05/03 18:00:08 - mmengine - INFO - Exp name: ocean_trash_train_20260503_175623
05/03 18:00:08 - mmengine - INFO - Epoch(train)  [30][8/8]  base_lr: 8.9869e-03 lr: 8.9869e-03  eta: 0:10:24  time: 0.6851  data_time: 0.4140  memory: 7422  grad_norm: 201.6040  loss: 87.8525  loss_cls: 32.3262  loss_bbox: 27.4926  loss_dfl: 28.0337
05/03 18:00:08 - mmengine - INFO - Saving checkpoint at 30 epochs
05/03 18:00:10 - mmengine - INFO - Evaluating bbox...
Loading and preparing results...
DONE (t=0.00s)
creating index...
index created!
Running per image evaluation...
Evaluate annotation type *bbox*
DONE (t=0.04s).
Accumulating evaluation results...
DONE (t=0.03s).
 Average Precision  (AP) @[ IoU=0.50:0.95 | area=   all | maxDets=100 ] = 0.097
 Average Precision  (AP) @[ IoU=0.50      | area=   all | maxDets=100 ] = 0.152
 Average Precision  (AP) @[ IoU=0.75      | area=   all | maxDets=100 ] = 0.084
 Average Precision  (AP) @[ IoU=0.50:0.95 | area= small | maxDets=100 ] = -1.000
 Average Precision  (AP) @[ IoU=0.50:0.95 | area=medium | maxDets=100 ] = 0.250
 Average Precision  (AP) @[ IoU=0.50:0.95 | area= large | maxDets=100 ] = 0.104
 Average Recall     (AR) @[ IoU=0.50:0.95 | area=   all | maxDets=  1 ] = 0.134
 Average Recall     (AR) @[ IoU=0.50:0.95 | area=   all | maxDets= 10 ] = 0.236
 Average Recall     (AR) @[ IoU=0.50:0.95 | area=   all | maxDets=100 ] = 0.270
 Average Recall     (AR) @[ IoU=0.50:0.95 | area= small | maxDets=100 ] = -1.000
 Average Recall     (AR) @[ IoU=0.50:0.95 | area=medium | maxDets=100 ] = 0.250
 Average Recall     (AR) @[ IoU=0.50:0.95 | area= large | maxDets=100 ] = 0.289
05/03 18:00:10 - mmengine - INFO - bbox_mAP_copypaste: 0.097 0.152 0.084 -1.000 0.250 0.104
05/03 18:00:10 - mmengine - INFO - Epoch(val) [30][18/18]    coco/bbox_mAP: 0.0970  coco/bbox_mAP_50: 0.1520  coco/bbox_mAP_75: 0.0840  coco/bbox_mAP_s: -1.0000  coco/bbox_mAP_m: 0.2500  coco/bbox_mAP_l: 0.1040  data_time: 0.0104  time: 0.0238
05/03 18:00:10 - mmengine - INFO - The previous best checkpoint E:\StevenWork\mmyolo\work_dirs\ocean_trash_train\best_coco_bbox_mAP_epoch_10.pth is removed
05/03 18:00:12 - mmengine - INFO - The best checkpoint with 0.0970 coco/bbox_mAP at 30 epoch is saved to best_coco_bbox_mAP_epoch_30.pth.
05/03 18:00:19 - mmengine - INFO - Exp name: ocean_trash_train_20260503_175623
05/03 18:00:19 - mmengine - INFO - Epoch(train)  [31][8/8]  base_lr: 8.9070e-03 lr: 8.9070e-03  eta: 0:10:13  time: 0.6861  data_time: 0.4151  memory: 7439  grad_norm: 191.9077  loss: 85.4462  loss_cls: 31.0048  loss_bbox: 26.8884  loss_dfl: 27.5529
05/03 18:00:24 - mmengine - INFO - Exp name: ocean_trash_train_20260503_175623
05/03 18:00:24 - mmengine - INFO - Epoch(train)  [32][8/8]  base_lr: 8.8245e-03 lr: 8.8245e-03  eta: 0:10:02  time: 0.6834  data_time: 0.4100  memory: 7422  grad_norm: 184.4411  loss: 84.0057  loss_cls: 30.0138  loss_bbox: 26.6774  loss_dfl: 27.3145
05/03 18:00:30 - mmengine - INFO - Exp name: ocean_trash_train_20260503_175623
05/03 18:00:30 - mmengine - INFO - Epoch(train)  [33][8/8]  base_lr: 8.7394e-03 lr: 8.7394e-03  eta: 0:09:51  time: 0.6807  data_time: 0.4050  memory: 7422  grad_norm: 183.1295  loss: 82.5828  loss_cls: 29.4310  loss_bbox: 26.2286  loss_dfl: 26.9233
05/03 18:00:35 - mmengine - INFO - Exp name: ocean_trash_train_20260503_175623
05/03 18:00:35 - mmengine - INFO - Epoch(train)  [34][8/8]  base_lr: 8.6517e-03 lr: 8.6517e-03  eta: 0:09:40  time: 0.6695  data_time: 0.3918  memory: 7505  grad_norm: 181.8406  loss: 82.2932  loss_cls: 29.3974  loss_bbox: 26.0941  loss_dfl: 26.8017
05/03 18:00:41 - mmengine - INFO - Exp name: ocean_trash_train_20260503_175623
05/03 18:00:41 - mmengine - INFO - Epoch(train)  [35][8/8]  base_lr: 8.5616e-03 lr: 8.5616e-03  eta: 0:09:31  time: 0.6704  data_time: 0.3949  memory: 7373  grad_norm: 182.3758  loss: 81.6605  loss_cls: 29.1610  loss_bbox: 25.8121  loss_dfl: 26.6874
05/03 18:00:46 - mmengine - INFO - Exp name: ocean_trash_train_20260503_175623
05/03 18:00:46 - mmengine - INFO - Epoch(train)  [36][8/8]  base_lr: 8.4691e-03 lr: 8.4691e-03  eta: 0:09:21  time: 0.6623  data_time: 0.3853  memory: 7505  grad_norm: 177.2933  loss: 79.6476  loss_cls: 28.1687  loss_bbox: 25.2861  loss_dfl: 26.1928
05/03 18:00:52 - mmengine - INFO - Exp name: ocean_trash_train_20260503_175623
05/03 18:00:52 - mmengine - INFO - Epoch(train)  [37][8/8]  base_lr: 8.3742e-03 lr: 8.3742e-03  eta: 0:09:12  time: 0.6663  data_time: 0.3886  memory: 7439  grad_norm: 175.9870  loss: 78.7634  loss_cls: 27.7548  loss_bbox: 25.0012  loss_dfl: 26.0074
05/03 18:00:58 - mmengine - INFO - Exp name: ocean_trash_train_20260503_175623
05/03 18:00:58 - mmengine - INFO - Epoch(train)  [38][8/8]  base_lr: 8.2771e-03 lr: 8.2771e-03  eta: 0:09:05  time: 0.6803  data_time: 0.4061  memory: 7439  grad_norm: 173.3514  loss: 78.0097  loss_cls: 27.2678  loss_bbox: 24.8670  loss_dfl: 25.8748
05/03 18:01:04 - mmengine - INFO - Exp name: ocean_trash_train_20260503_175623
05/03 18:01:04 - mmengine - INFO - Epoch(train)  [39][8/8]  base_lr: 8.1777e-03 lr: 8.1777e-03  eta: 0:08:56  time: 0.6854  data_time: 0.4106  memory: 7405  grad_norm: 168.8418  loss: 76.8620  loss_cls: 26.7006  loss_bbox: 24.4973  loss_dfl: 25.6641
05/03 18:01:09 - mmengine - INFO - Exp name: ocean_trash_train_20260503_175623
05/03 18:01:09 - mmengine - INFO - Epoch(train)  [40][8/8]  base_lr: 8.0762e-03 lr: 8.0762e-03  eta: 0:08:47  time: 0.6962  data_time: 0.4237  memory: 7472  grad_norm: 165.6597  loss: 75.5791  loss_cls: 25.8163  loss_bbox: 24.2397  loss_dfl: 25.5230
05/03 18:01:09 - mmengine - INFO - Saving checkpoint at 40 epochs
05/03 18:01:11 - mmengine - INFO - Evaluating bbox...
Loading and preparing results...
DONE (t=0.00s)
creating index...
index created!
Running per image evaluation...
Evaluate annotation type *bbox*
DONE (t=0.03s).
Accumulating evaluation results...
DONE (t=0.02s).
 Average Precision  (AP) @[ IoU=0.50:0.95 | area=   all | maxDets=100 ] = 0.133
 Average Precision  (AP) @[ IoU=0.50      | area=   all | maxDets=100 ] = 0.210
 Average Precision  (AP) @[ IoU=0.75      | area=   all | maxDets=100 ] = 0.159
 Average Precision  (AP) @[ IoU=0.50:0.95 | area= small | maxDets=100 ] = -1.000
 Average Precision  (AP) @[ IoU=0.50:0.95 | area=medium | maxDets=100 ] = 0.270
 Average Precision  (AP) @[ IoU=0.50:0.95 | area= large | maxDets=100 ] = 0.151
 Average Recall     (AR) @[ IoU=0.50:0.95 | area=   all | maxDets=  1 ] = 0.161
 Average Recall     (AR) @[ IoU=0.50:0.95 | area=   all | maxDets= 10 ] = 0.285
 Average Recall     (AR) @[ IoU=0.50:0.95 | area=   all | maxDets=100 ] = 0.285
 Average Recall     (AR) @[ IoU=0.50:0.95 | area= small | maxDets=100 ] = -1.000
 Average Recall     (AR) @[ IoU=0.50:0.95 | area=medium | maxDets=100 ] = 0.350
 Average Recall     (AR) @[ IoU=0.50:0.95 | area= large | maxDets=100 ] = 0.292
05/03 18:01:11 - mmengine - INFO - bbox_mAP_copypaste: 0.133 0.210 0.159 -1.000 0.270 0.151
05/03 18:01:11 - mmengine - INFO - Epoch(val) [40][18/18]    coco/bbox_mAP: 0.1330  coco/bbox_mAP_50: 0.2100  coco/bbox_mAP_75: 0.1590  coco/bbox_mAP_s: -1.0000  coco/bbox_mAP_m: 0.2700  coco/bbox_mAP_l: 0.1510  data_time: 0.0156  time: 0.0249
05/03 18:01:12 - mmengine - INFO - The previous best checkpoint E:\StevenWork\mmyolo\work_dirs\ocean_trash_train\best_coco_bbox_mAP_epoch_30.pth is removed
05/03 18:01:13 - mmengine - INFO - The best checkpoint with 0.1330 coco/bbox_mAP at 40 epoch is saved to best_coco_bbox_mAP_epoch_40.pth.
05/03 18:01:20 - mmengine - INFO - Exp name: ocean_trash_train_20260503_175623
05/03 18:01:20 - mmengine - INFO - Epoch(train)  [41][8/8]  base_lr: 7.9726e-03 lr: 7.9726e-03  eta: 0:08:39  time: 0.6941  data_time: 0.4209  memory: 7405  grad_norm: 161.4467  loss: 74.3733  loss_cls: 25.1435  loss_bbox: 23.8892  loss_dfl: 25.3405
05/03 18:01:26 - mmengine - INFO - Exp name: ocean_trash_train_20260503_175623
05/03 18:01:26 - mmengine - INFO - Epoch(train)  [42][8/8]  base_lr: 7.8670e-03 lr: 7.8670e-03  eta: 0:08:30  time: 0.6984  data_time: 0.4266  memory: 7422  grad_norm: 159.3179  loss: 73.4163  loss_cls: 24.5080  loss_bbox: 23.7439  loss_dfl: 25.1644
05/03 18:01:32 - mmengine - INFO - Exp name: ocean_trash_train_20260503_175623
05/03 18:01:32 - mmengine - INFO - Epoch(train)  [43][8/8]  base_lr: 7.7595e-03 lr: 7.7595e-03  eta: 0:08:22  time: 0.6969  data_time: 0.4240  memory: 7455  grad_norm: 156.7503  loss: 72.5647  loss_cls: 24.0721  loss_bbox: 23.4945  loss_dfl: 24.9980
05/03 18:01:37 - mmengine - INFO - Exp name: ocean_trash_train_20260503_175623
05/03 18:01:37 - mmengine - INFO - Epoch(train)  [44][8/8]  base_lr: 7.6502e-03 lr: 7.6502e-03  eta: 0:08:14  time: 0.6831  data_time: 0.4096  memory: 7373  grad_norm: 159.9290  loss: 72.5386  loss_cls: 24.1408  loss_bbox: 23.3638  loss_dfl: 25.0340
05/03 18:01:42 - mmengine - INFO - Exp name: ocean_trash_train_20260503_175623
05/03 18:01:42 - mmengine - INFO - Epoch(train)  [45][8/8]  base_lr: 7.5390e-03 lr: 7.5390e-03  eta: 0:08:05  time: 0.6713  data_time: 0.4011  memory: 7439  grad_norm: 156.8991  loss: 71.2117  loss_cls: 23.4987  loss_bbox: 22.9491  loss_dfl: 24.7639
05/03 18:01:48 - mmengine - INFO - Exp name: ocean_trash_train_20260503_175623
05/03 18:01:48 - mmengine - INFO - Epoch(train)  [46][8/8]  base_lr: 7.4262e-03 lr: 7.4262e-03  eta: 0:07:58  time: 0.6740  data_time: 0.4018  memory: 7439  grad_norm: 153.0074  loss: 70.0058  loss_cls: 22.9498  loss_bbox: 22.5927  loss_dfl: 24.4634
05/03 18:01:54 - mmengine - INFO - Exp name: ocean_trash_train_20260503_175623
05/03 18:01:54 - mmengine - INFO - Epoch(train)  [47][8/8]  base_lr: 7.3117e-03 lr: 7.3117e-03  eta: 0:07:50  time: 0.6723  data_time: 0.4021  memory: 7455  grad_norm: 147.7026  loss: 68.3629  loss_cls: 22.0873  loss_bbox: 22.1827  loss_dfl: 24.0928
05/03 18:01:59 - mmengine - INFO - Exp name: ocean_trash_train_20260503_175623
05/03 18:01:59 - mmengine - INFO - Epoch(train)  [48][8/8]  base_lr: 7.1956e-03 lr: 7.1956e-03  eta: 0:07:42  time: 0.6701  data_time: 0.3980  memory: 7405  grad_norm: 145.2051  loss: 67.4035  loss_cls: 21.6086  loss_bbox: 21.8785  loss_dfl: 23.9164
05/03 18:02:05 - mmengine - INFO - Exp name: ocean_trash_train_20260503_175623
05/03 18:02:05 - mmengine - INFO - Epoch(train)  [49][8/8]  base_lr: 7.0781e-03 lr: 7.0781e-03  eta: 0:07:34  time: 0.6697  data_time: 0.3987  memory: 7422  grad_norm: 145.5559  loss: 66.5729  loss_cls: 21.2162  loss_bbox: 21.5904  loss_dfl: 23.7664
05/03 18:02:10 - mmengine - INFO - Exp name: ocean_trash_train_20260503_175623
05/03 18:02:10 - mmengine - INFO - Epoch(train)  [50][8/8]  base_lr: 6.9592e-03 lr: 6.9592e-03  eta: 0:07:26  time: 0.6647  data_time: 0.3934  memory: 7489  grad_norm: 139.9823  loss: 65.6723  loss_cls: 20.6310  loss_bbox: 21.3981  loss_dfl: 23.6432
05/03 18:02:10 - mmengine - INFO - Saving checkpoint at 50 epochs
05/03 18:02:12 - mmengine - INFO - Evaluating bbox...
Loading and preparing results...
DONE (t=0.00s)
creating index...
index created!
Running per image evaluation...
Evaluate annotation type *bbox*
DONE (t=0.02s).
Accumulating evaluation results...
DONE (t=0.02s).
 Average Precision  (AP) @[ IoU=0.50:0.95 | area=   all | maxDets=100 ] = 0.078
 Average Precision  (AP) @[ IoU=0.50      | area=   all | maxDets=100 ] = 0.166
 Average Precision  (AP) @[ IoU=0.75      | area=   all | maxDets=100 ] = 0.032
 Average Precision  (AP) @[ IoU=0.50:0.95 | area= small | maxDets=100 ] = -1.000
 Average Precision  (AP) @[ IoU=0.50:0.95 | area=medium | maxDets=100 ] = 0.300
 Average Precision  (AP) @[ IoU=0.50:0.95 | area= large | maxDets=100 ] = 0.077
 Average Recall     (AR) @[ IoU=0.50:0.95 | area=   all | maxDets=  1 ] = 0.085
 Average Recall     (AR) @[ IoU=0.50:0.95 | area=   all | maxDets= 10 ] = 0.232
 Average Recall     (AR) @[ IoU=0.50:0.95 | area=   all | maxDets=100 ] = 0.236
 Average Recall     (AR) @[ IoU=0.50:0.95 | area= small | maxDets=100 ] = -1.000
 Average Recall     (AR) @[ IoU=0.50:0.95 | area=medium | maxDets=100 ] = 0.300
 Average Recall     (AR) @[ IoU=0.50:0.95 | area= large | maxDets=100 ] = 0.242
05/03 18:02:12 - mmengine - INFO - bbox_mAP_copypaste: 0.078 0.166 0.032 -1.000 0.300 0.077
05/03 18:02:12 - mmengine - INFO - Epoch(val) [50][18/18]    coco/bbox_mAP: 0.0780  coco/bbox_mAP_50: 0.1660  coco/bbox_mAP_75: 0.0320  coco/bbox_mAP_s: -1.0000  coco/bbox_mAP_m: 0.3000  coco/bbox_mAP_l: 0.0770  data_time: 0.0144  time: 0.0241
05/03 18:02:17 - mmengine - INFO - Exp name: ocean_trash_train_20260503_175623
05/03 18:02:17 - mmengine - INFO - Epoch(train)  [51][8/8]  base_lr: 6.8390e-03 lr: 6.8390e-03  eta: 0:07:18  time: 0.6654  data_time: 0.3898  memory: 7422  grad_norm: 137.5092  loss: 65.0306  loss_cls: 20.4105  loss_bbox: 21.1323  loss_dfl: 23.4878
05/03 18:02:23 - mmengine - INFO - Exp name: ocean_trash_train_20260503_175623
05/03 18:02:23 - mmengine - INFO - Epoch(train)  [52][8/8]  base_lr: 6.7176e-03 lr: 6.7176e-03  eta: 0:07:10  time: 0.6558  data_time: 0.3804  memory: 7439  grad_norm: 134.3985  loss: 64.2912  loss_cls: 20.0684  loss_bbox: 20.8356  loss_dfl: 23.3872
05/03 18:02:28 - mmengine - INFO - Exp name: ocean_trash_train_20260503_175623
05/03 18:02:28 - mmengine - INFO - Epoch(train)  [53][8/8]  base_lr: 6.5950e-03 lr: 6.5950e-03  eta: 0:07:03  time: 0.6566  data_time: 0.3784  memory: 7422  grad_norm: 134.4418  loss: 64.1198  loss_cls: 19.9259  loss_bbox: 20.8067  loss_dfl: 23.3872
05/03 18:02:34 - mmengine - INFO - Exp name: ocean_trash_train_20260503_175623
05/03 18:02:34 - mmengine - INFO - Epoch(train)  [54][8/8]  base_lr: 6.4714e-03 lr: 6.4714e-03  eta: 0:06:56  time: 0.6585  data_time: 0.3820  memory: 7422  grad_norm: 132.8510  loss: 63.3029  loss_cls: 19.5671  loss_bbox: 20.4878  loss_dfl: 23.2480
05/03 18:02:39 - mmengine - INFO - Exp name: ocean_trash_train_20260503_175623
05/03 18:02:39 - mmengine - INFO - Epoch(train)  [55][8/8]  base_lr: 6.3468e-03 lr: 6.3468e-03  eta: 0:06:48  time: 0.6536  data_time: 0.3778  memory: 7373  grad_norm: 131.8249  loss: 62.2151  loss_cls: 18.9435  loss_bbox: 20.1567  loss_dfl: 23.1150
05/03 18:02:44 - mmengine - INFO - Exp name: ocean_trash_train_20260503_175623
05/03 18:02:44 - mmengine - INFO - Epoch(train)  [56][8/8]  base_lr: 6.2213e-03 lr: 6.2213e-03  eta: 0:06:41  time: 0.6544  data_time: 0.3798  memory: 7455  grad_norm: 128.8891  loss: 61.1793  loss_cls: 18.5753  loss_bbox: 19.7910  loss_dfl: 22.8130
05/03 18:02:49 - mmengine - INFO - Exp name: ocean_trash_train_20260503_175623
05/03 18:02:49 - mmengine - INFO - Epoch(train)  [57][8/8]  base_lr: 6.0950e-03 lr: 6.0950e-03  eta: 0:06:33  time: 0.6558  data_time: 0.3844  memory: 7439  grad_norm: 128.3709  loss: 60.9466  loss_cls: 18.3986  loss_bbox: 19.8266  loss_dfl: 22.7214
05/03 18:02:55 - mmengine - INFO - Exp name: ocean_trash_train_20260503_175623
05/03 18:02:55 - mmengine - INFO - Epoch(train)  [58][8/8]  base_lr: 5.9680e-03 lr: 5.9680e-03  eta: 0:06:27  time: 0.6603  data_time: 0.3895  memory: 7389  grad_norm: 128.7503  loss: 60.1708  loss_cls: 17.8920  loss_bbox: 19.6354  loss_dfl: 22.6435
05/03 18:03:01 - mmengine - INFO - Exp name: ocean_trash_train_20260503_175623
05/03 18:03:01 - mmengine - INFO - Epoch(train)  [59][8/8]  base_lr: 5.8403e-03 lr: 5.8403e-03  eta: 0:06:19  time: 0.6585  data_time: 0.3888  memory: 7389  grad_norm: 129.3562  loss: 59.6988  loss_cls: 17.5417  loss_bbox: 19.5123  loss_dfl: 22.6448
05/03 18:03:06 - mmengine - INFO - Exp name: ocean_trash_train_20260503_175623
05/03 18:03:06 - mmengine - INFO - Epoch(train)  [60][8/8]  base_lr: 5.7122e-03 lr: 5.7122e-03  eta: 0:06:12  time: 0.6455  data_time: 0.3767  memory: 7389  grad_norm: 125.6500  loss: 58.6201  loss_cls: 16.9487  loss_bbox: 19.2302  loss_dfl: 22.4412
05/03 18:03:06 - mmengine - INFO - Saving checkpoint at 60 epochs
05/03 18:03:09 - mmengine - INFO - Evaluating bbox...
Loading and preparing results...
DONE (t=0.00s)
creating index...
index created!
Running per image evaluation...
Evaluate annotation type *bbox*
DONE (t=0.02s).
Accumulating evaluation results...
DONE (t=0.02s).
 Average Precision  (AP) @[ IoU=0.50:0.95 | area=   all | maxDets=100 ] = 0.112
 Average Precision  (AP) @[ IoU=0.50      | area=   all | maxDets=100 ] = 0.224
 Average Precision  (AP) @[ IoU=0.75      | area=   all | maxDets=100 ] = 0.114
 Average Precision  (AP) @[ IoU=0.50:0.95 | area= small | maxDets=100 ] = -1.000
 Average Precision  (AP) @[ IoU=0.50:0.95 | area=medium | maxDets=100 ] = 0.175
 Average Precision  (AP) @[ IoU=0.50:0.95 | area= large | maxDets=100 ] = 0.127
 Average Recall     (AR) @[ IoU=0.50:0.95 | area=   all | maxDets=  1 ] = 0.114
 Average Recall     (AR) @[ IoU=0.50:0.95 | area=   all | maxDets= 10 ] = 0.194
 Average Recall     (AR) @[ IoU=0.50:0.95 | area=   all | maxDets=100 ] = 0.215
 Average Recall     (AR) @[ IoU=0.50:0.95 | area= small | maxDets=100 ] = -1.000
 Average Recall     (AR) @[ IoU=0.50:0.95 | area=medium | maxDets=100 ] = 0.350
 Average Recall     (AR) @[ IoU=0.50:0.95 | area= large | maxDets=100 ] = 0.225
05/03 18:03:09 - mmengine - INFO - bbox_mAP_copypaste: 0.112 0.224 0.114 -1.000 0.175 0.127
05/03 18:03:09 - mmengine - INFO - Epoch(val) [60][18/18]    coco/bbox_mAP: 0.1120  coco/bbox_mAP_50: 0.2240  coco/bbox_mAP_75: 0.1140  coco/bbox_mAP_s: -1.0000  coco/bbox_mAP_m: 0.1750  coco/bbox_mAP_l: 0.1270  data_time: 0.0096  time: 0.0248
05/03 18:03:14 - mmengine - INFO - Exp name: ocean_trash_train_20260503_175623
05/03 18:03:14 - mmengine - INFO - Epoch(train)  [61][8/8]  base_lr: 5.5835e-03 lr: 5.5835e-03  eta: 0:06:05  time: 0.6429  data_time: 0.3715  memory: 7455  grad_norm: 123.8790  loss: 58.2513  loss_cls: 16.8438  loss_bbox: 19.1333  loss_dfl: 22.2742
05/03 18:03:19 - mmengine - INFO - Exp name: ocean_trash_train_20260503_175623
05/03 18:03:19 - mmengine - INFO - Epoch(train)  [62][8/8]  base_lr: 5.4545e-03 lr: 5.4545e-03  eta: 0:05:58  time: 0.6385  data_time: 0.3654  memory: 7439  grad_norm: 121.9172  loss: 57.9217  loss_cls: 16.6433  loss_bbox: 19.0320  loss_dfl: 22.2464
05/03 18:03:25 - mmengine - INFO - Exp name: ocean_trash_train_20260503_175623
05/03 18:03:25 - mmengine - INFO - Epoch(train)  [63][8/8]  base_lr: 5.3252e-03 lr: 5.3252e-03  eta: 0:05:51  time: 0.6497  data_time: 0.3738  memory: 7439  grad_norm: 121.1534  loss: 57.1659  loss_cls: 16.3951  loss_bbox: 18.6739  loss_dfl: 22.0968
05/03 18:03:30 - mmengine - INFO - Exp name: ocean_trash_train_20260503_175623
05/03 18:03:30 - mmengine - INFO - Epoch(train)  [64][8/8]  base_lr: 5.1958e-03 lr: 5.1958e-03  eta: 0:05:44  time: 0.6406  data_time: 0.3674  memory: 7405  grad_norm: 121.2203  loss: 57.0361  loss_cls: 16.3983  loss_bbox: 18.5800  loss_dfl: 22.0579
05/03 18:03:35 - mmengine - INFO - Exp name: ocean_trash_train_20260503_175623
05/03 18:03:35 - mmengine - INFO - Epoch(train)  [65][8/8]  base_lr: 5.0662e-03 lr: 5.0662e-03  eta: 0:05:37  time: 0.6421  data_time: 0.3694  memory: 7389  grad_norm: 120.6537  loss: 56.4990  loss_cls: 16.2566  loss_bbox: 18.3179  loss_dfl: 21.9245
05/03 18:03:41 - mmengine - INFO - Exp name: ocean_trash_train_20260503_175623
05/03 18:03:41 - mmengine - INFO - Epoch(train)  [66][8/8]  base_lr: 4.9366e-03 lr: 4.9366e-03  eta: 0:05:31  time: 0.6551  data_time: 0.3808  memory: 7422  grad_norm: 121.4794  loss: 56.2754  loss_cls: 16.1926  loss_bbox: 18.1614  loss_dfl: 21.9213
05/03 18:03:47 - mmengine - INFO - Exp name: ocean_trash_train_20260503_175623
05/03 18:03:47 - mmengine - INFO - Epoch(train)  [67][8/8]  base_lr: 4.8071e-03 lr: 4.8071e-03  eta: 0:05:24  time: 0.6646  data_time: 0.3904  memory: 7422  grad_norm: 120.3183  loss: 55.7419  loss_cls: 15.9125  loss_bbox: 17.9813  loss_dfl: 21.8482
05/03 18:03:53 - mmengine - INFO - Exp name: ocean_trash_train_20260503_175623
05/03 18:03:53 - mmengine - INFO - Epoch(train)  [68][8/8]  base_lr: 4.6778e-03 lr: 4.6778e-03  eta: 0:05:18  time: 0.6817  data_time: 0.4077  memory: 7422  grad_norm: 121.7740  loss: 55.3115  loss_cls: 15.8210  loss_bbox: 17.7773  loss_dfl: 21.7133
05/03 18:03:58 - mmengine - INFO - Exp name: ocean_trash_train_20260503_175623
05/03 18:03:58 - mmengine - INFO - Epoch(train)  [69][8/8]  base_lr: 4.5487e-03 lr: 4.5487e-03  eta: 0:05:11  time: 0.6807  data_time: 0.4088  memory: 7455  grad_norm: 120.8300  loss: 54.8555  loss_cls: 15.6199  loss_bbox: 17.6031  loss_dfl: 21.6325
05/03 18:04:04 - mmengine - INFO - Exp name: ocean_trash_train_20260503_175623
05/03 18:04:04 - mmengine - INFO - Epoch(train)  [70][8/8]  base_lr: 4.4200e-03 lr: 4.4200e-03  eta: 0:05:05  time: 0.6910  data_time: 0.4178  memory: 7405  grad_norm: 121.3315  loss: 54.0375  loss_cls: 15.2591  loss_bbox: 17.2916  loss_dfl: 21.4869
05/03 18:04:04 - mmengine - INFO - Saving checkpoint at 70 epochs
05/03 18:04:06 - mmengine - INFO - Evaluating bbox...
Loading and preparing results...
DONE (t=0.00s)
creating index...
index created!
Running per image evaluation...
Evaluate annotation type *bbox*
DONE (t=0.01s).
Accumulating evaluation results...
DONE (t=0.01s).
 Average Precision  (AP) @[ IoU=0.50:0.95 | area=   all | maxDets=100 ] = 0.120
 Average Precision  (AP) @[ IoU=0.50      | area=   all | maxDets=100 ] = 0.213
 Average Precision  (AP) @[ IoU=0.75      | area=   all | maxDets=100 ] = 0.145
 Average Precision  (AP) @[ IoU=0.50:0.95 | area= small | maxDets=100 ] = -1.000
 Average Precision  (AP) @[ IoU=0.50:0.95 | area=medium | maxDets=100 ] = 0.100
 Average Precision  (AP) @[ IoU=0.50:0.95 | area= large | maxDets=100 ] = 0.133
 Average Recall     (AR) @[ IoU=0.50:0.95 | area=   all | maxDets=  1 ] = 0.141
 Average Recall     (AR) @[ IoU=0.50:0.95 | area=   all | maxDets= 10 ] = 0.230
 Average Recall     (AR) @[ IoU=0.50:0.95 | area=   all | maxDets=100 ] = 0.230
 Average Recall     (AR) @[ IoU=0.50:0.95 | area= small | maxDets=100 ] = -1.000
 Average Recall     (AR) @[ IoU=0.50:0.95 | area=medium | maxDets=100 ] = 0.200
 Average Recall     (AR) @[ IoU=0.50:0.95 | area= large | maxDets=100 ] = 0.242
05/03 18:04:06 - mmengine - INFO - bbox_mAP_copypaste: 0.120 0.213 0.145 -1.000 0.100 0.133
05/03 18:04:06 - mmengine - INFO - Epoch(val) [70][18/18]    coco/bbox_mAP: 0.1200  coco/bbox_mAP_50: 0.2130  coco/bbox_mAP_75: 0.1450  coco/bbox_mAP_s: -1.0000  coco/bbox_mAP_m: 0.1000  coco/bbox_mAP_l: 0.1330  data_time: 0.0147  time: 0.0244
05/03 18:04:11 - mmengine - INFO - Exp name: ocean_trash_train_20260503_175623
05/03 18:04:11 - mmengine - INFO - Epoch(train)  [71][8/8]  base_lr: 4.2917e-03 lr: 4.2917e-03  eta: 0:04:58  time: 0.6865  data_time: 0.4119  memory: 7405  grad_norm: 119.2525  loss: 53.2044  loss_cls: 14.9048  loss_bbox: 17.0563  loss_dfl: 21.2434
05/03 18:04:17 - mmengine - INFO - Exp name: ocean_trash_train_20260503_175623
05/03 18:04:17 - mmengine - INFO - Epoch(train)  [72][8/8]  base_lr: 4.1639e-03 lr: 4.1639e-03  eta: 0:04:52  time: 0.6967  data_time: 0.4217  memory: 7455  grad_norm: 116.6091  loss: 52.6138  loss_cls: 14.6396  loss_bbox: 16.8311  loss_dfl: 21.1431
05/03 18:04:23 - mmengine - INFO - Exp name: ocean_trash_train_20260503_175623
05/03 18:04:23 - mmengine - INFO - Epoch(train)  [73][8/8]  base_lr: 4.0367e-03 lr: 4.0367e-03  eta: 0:04:46  time: 0.6869  data_time: 0.4151  memory: 7422  grad_norm: 113.3234  loss: 51.8182  loss_cls: 14.2937  loss_bbox: 16.5430  loss_dfl: 20.9815
05/03 18:04:29 - mmengine - INFO - Exp name: ocean_trash_train_20260503_175623
05/03 18:04:29 - mmengine - INFO - Epoch(train)  [74][8/8]  base_lr: 3.9102e-03 lr: 3.9102e-03  eta: 0:04:39  time: 0.6859  data_time: 0.4125  memory: 7472  grad_norm: 112.4352  loss: 51.4131  loss_cls: 14.0583  loss_bbox: 16.4516  loss_dfl: 20.9032
05/03 18:04:34 - mmengine - INFO - Exp name: ocean_trash_train_20260503_175623
05/03 18:04:34 - mmengine - INFO - Epoch(train)  [75][8/8]  base_lr: 3.7845e-03 lr: 3.7845e-03  eta: 0:04:33  time: 0.6766  data_time: 0.4027  memory: 7422  grad_norm: 109.7420  loss: 50.9296  loss_cls: 13.8652  loss_bbox: 16.2440  loss_dfl: 20.8204
05/03 18:04:39 - mmengine - INFO - Exp name: ocean_trash_train_20260503_175623
05/03 18:04:39 - mmengine - INFO - Epoch(train)  [76][8/8]  base_lr: 3.6597e-03 lr: 3.6597e-03  eta: 0:04:26  time: 0.6751  data_time: 0.4016  memory: 7505  grad_norm: 108.0189  loss: 50.5959  loss_cls: 13.6332  loss_bbox: 16.2146  loss_dfl: 20.7480
05/03 18:04:45 - mmengine - INFO - Exp name: ocean_trash_train_20260503_175623
05/03 18:04:45 - mmengine - INFO - Epoch(train)  [77][8/8]  base_lr: 3.5358e-03 lr: 3.5358e-03  eta: 0:04:20  time: 0.6845  data_time: 0.4092  memory: 7439  grad_norm: 107.1625  loss: 50.0583  loss_cls: 13.4144  loss_bbox: 15.9840  loss_dfl: 20.6600
05/03 18:04:50 - mmengine - INFO - Exp name: ocean_trash_train_20260503_175623
05/03 18:04:50 - mmengine - INFO - Epoch(train)  [78][8/8]  base_lr: 3.4129e-03 lr: 3.4129e-03  eta: 0:04:14  time: 0.6655  data_time: 0.3916  memory: 7389  grad_norm: 106.3048  loss: 49.7234  loss_cls: 13.2539  loss_bbox: 15.9054  loss_dfl: 20.5641
05/03 18:04:56 - mmengine - INFO - Exp name: ocean_trash_train_20260503_175623
05/03 18:04:56 - mmengine - INFO - Epoch(train)  [79][8/8]  base_lr: 3.2912e-03 lr: 3.2912e-03  eta: 0:04:07  time: 0.6685  data_time: 0.3934  memory: 7389  grad_norm: 106.7679  loss: 49.3421  loss_cls: 13.2353  loss_bbox: 15.6871  loss_dfl: 20.4196
05/03 18:05:01 - mmengine - INFO - Exp name: ocean_trash_train_20260503_175623
05/03 18:05:01 - mmengine - INFO - Epoch(train)  [80][8/8]  base_lr: 3.1707e-03 lr: 3.1707e-03  eta: 0:04:01  time: 0.6612  data_time: 0.3885  memory: 7422  grad_norm: 105.7817  loss: 48.8307  loss_cls: 13.0296  loss_bbox: 15.4831  loss_dfl: 20.3180
05/03 18:05:01 - mmengine - INFO - Saving checkpoint at 80 epochs
05/03 18:05:03 - mmengine - INFO - Evaluating bbox...
Loading and preparing results...
DONE (t=0.00s)
creating index...
index created!
Running per image evaluation...
Evaluate annotation type *bbox*
DONE (t=0.01s).
Accumulating evaluation results...
DONE (t=0.01s).
 Average Precision  (AP) @[ IoU=0.50:0.95 | area=   all | maxDets=100 ] = 0.160
 Average Precision  (AP) @[ IoU=0.50      | area=   all | maxDets=100 ] = 0.292
 Average Precision  (AP) @[ IoU=0.75      | area=   all | maxDets=100 ] = 0.144
 Average Precision  (AP) @[ IoU=0.50:0.95 | area= small | maxDets=100 ] = -1.000
 Average Precision  (AP) @[ IoU=0.50:0.95 | area=medium | maxDets=100 ] = 0.250
 Average Precision  (AP) @[ IoU=0.50:0.95 | area= large | maxDets=100 ] = 0.176
 Average Recall     (AR) @[ IoU=0.50:0.95 | area=   all | maxDets=  1 ] = 0.196
 Average Recall     (AR) @[ IoU=0.50:0.95 | area=   all | maxDets= 10 ] = 0.251
 Average Recall     (AR) @[ IoU=0.50:0.95 | area=   all | maxDets=100 ] = 0.251
 Average Recall     (AR) @[ IoU=0.50:0.95 | area= small | maxDets=100 ] = -1.000
 Average Recall     (AR) @[ IoU=0.50:0.95 | area=medium | maxDets=100 ] = 0.250
 Average Recall     (AR) @[ IoU=0.50:0.95 | area= large | maxDets=100 ] = 0.267
05/03 18:05:03 - mmengine - INFO - bbox_mAP_copypaste: 0.160 0.292 0.144 -1.000 0.250 0.176
05/03 18:05:03 - mmengine - INFO - Epoch(val) [80][18/18]    coco/bbox_mAP: 0.1600  coco/bbox_mAP_50: 0.2920  coco/bbox_mAP_75: 0.1440  coco/bbox_mAP_s: -1.0000  coco/bbox_mAP_m: 0.2500  coco/bbox_mAP_l: 0.1760  data_time: 0.0149  time: 0.0252
05/03 18:05:03 - mmengine - INFO - The previous best checkpoint E:\StevenWork\mmyolo\work_dirs\ocean_trash_train\best_coco_bbox_mAP_epoch_40.pth is removed
05/03 18:05:05 - mmengine - INFO - The best checkpoint with 0.1600 coco/bbox_mAP at 80 epoch is saved to best_coco_bbox_mAP_epoch_80.pth.
05/03 18:05:11 - mmengine - INFO - Exp name: ocean_trash_train_20260503_175623
05/03 18:05:11 - mmengine - INFO - Epoch(train)  [81][8/8]  base_lr: 3.0515e-03 lr: 3.0515e-03  eta: 0:03:54  time: 0.6568  data_time: 0.3828  memory: 7389  grad_norm: 107.4785  loss: 48.6206  loss_cls: 12.8778  loss_bbox: 15.3864  loss_dfl: 20.3564
05/03 18:05:17 - mmengine - INFO - Exp name: ocean_trash_train_20260503_175623
05/03 18:05:17 - mmengine - INFO - Epoch(train)  [82][8/8]  base_lr: 2.9336e-03 lr: 2.9336e-03  eta: 0:03:48  time: 0.6608  data_time: 0.3843  memory: 7389  grad_norm: 108.1619  loss: 48.4348  loss_cls: 12.8463  loss_bbox: 15.2320  loss_dfl: 20.3565
05/03 18:05:23 - mmengine - INFO - Exp name: ocean_trash_train_20260503_175623
05/03 18:05:23 - mmengine - INFO - Epoch(train)  [83][8/8]  base_lr: 2.8172e-03 lr: 2.8172e-03  eta: 0:03:42  time: 0.6588  data_time: 0.3845  memory: 7422  grad_norm: 107.8503  loss: 48.1266  loss_cls: 12.7496  loss_bbox: 15.0488  loss_dfl: 20.3282
05/03 18:05:29 - mmengine - INFO - Exp name: ocean_trash_train_20260503_175623
05/03 18:05:29 - mmengine - INFO - Epoch(train)  [84][8/8]  base_lr: 2.7023e-03 lr: 2.7023e-03  eta: 0:03:36  time: 0.6776  data_time: 0.3995  memory: 7405  grad_norm: 106.1353  loss: 47.6425  loss_cls: 12.5328  loss_bbox: 14.8422  loss_dfl: 20.2675
05/03 18:05:34 - mmengine - INFO - Exp name: ocean_trash_train_20260503_175623
05/03 18:05:34 - mmengine - INFO - Epoch(train)  [85][8/8]  base_lr: 2.5890e-03 lr: 2.5890e-03  eta: 0:03:30  time: 0.6812  data_time: 0.4030  memory: 7455  grad_norm: 104.5949  loss: 47.1761  loss_cls: 12.2601  loss_bbox: 14.6512  loss_dfl: 20.2648
05/03 18:05:40 - mmengine - INFO - Exp name: ocean_trash_train_20260503_175623
05/03 18:05:40 - mmengine - INFO - Epoch(train)  [86][8/8]  base_lr: 2.4775e-03 lr: 2.4775e-03  eta: 0:03:24  time: 0.6778  data_time: 0.3989  memory: 7422  grad_norm: 104.8606  loss: 46.7421  loss_cls: 12.1519  loss_bbox: 14.4321  loss_dfl: 20.1580
05/03 18:05:46 - mmengine - INFO - Exp name: ocean_trash_train_20260503_175623
05/03 18:05:46 - mmengine - INFO - Epoch(train)  [87][8/8]  base_lr: 2.3676e-03 lr: 2.3676e-03  eta: 0:03:18  time: 0.6990  data_time: 0.4223  memory: 7405  grad_norm: 101.6128  loss: 46.0238  loss_cls: 11.9877  loss_bbox: 14.1420  loss_dfl: 19.8941
05/03 18:05:51 - mmengine - INFO - Exp name: ocean_trash_train_20260503_175623
05/03 18:05:51 - mmengine - INFO - Epoch(train)  [88][8/8]  base_lr: 2.2597e-03 lr: 2.2597e-03  eta: 0:03:11  time: 0.6940  data_time: 0.4192  memory: 7439  grad_norm: 99.7762  loss: 45.4512  loss_cls: 11.7194  loss_bbox: 13.9525  loss_dfl: 19.7792
05/03 18:05:57 - mmengine - INFO - Exp name: ocean_trash_train_20260503_175623
05/03 18:05:57 - mmengine - INFO - Epoch(train)  [89][8/8]  base_lr: 2.1536e-03 lr: 2.1536e-03  eta: 0:03:05  time: 0.6943  data_time: 0.4169  memory: 7455  grad_norm: 96.2204  loss: 44.4340  loss_cls: 11.3009  loss_bbox: 13.5929  loss_dfl: 19.5402
05/03 18:06:02 - mmengine - INFO - Exp name: ocean_trash_train_20260503_175623
05/03 18:06:02 - mmengine - INFO - Epoch(train)  [90][8/8]  base_lr: 2.0495e-03 lr: 2.0495e-03  eta: 0:02:59  time: 0.6827  data_time: 0.4078  memory: 7373  grad_norm: 95.1845  loss: 43.8788  loss_cls: 11.1191  loss_bbox: 13.3522  loss_dfl: 19.4076
05/03 18:06:03 - mmengine - INFO - Saving checkpoint at 90 epochs
05/03 18:06:05 - mmengine - INFO - Evaluating bbox...
Loading and preparing results...
DONE (t=0.00s)
creating index...
index created!
Running per image evaluation...
Evaluate annotation type *bbox*
DONE (t=0.01s).
Accumulating evaluation results...
DONE (t=0.01s).
 Average Precision  (AP) @[ IoU=0.50:0.95 | area=   all | maxDets=100 ] = 0.147
 Average Precision  (AP) @[ IoU=0.50      | area=   all | maxDets=100 ] = 0.260
 Average Precision  (AP) @[ IoU=0.75      | area=   all | maxDets=100 ] = 0.146
 Average Precision  (AP) @[ IoU=0.50:0.95 | area= small | maxDets=100 ] = -1.000
 Average Precision  (AP) @[ IoU=0.50:0.95 | area=medium | maxDets=100 ] = 0.300
 Average Precision  (AP) @[ IoU=0.50:0.95 | area= large | maxDets=100 ] = 0.160
 Average Recall     (AR) @[ IoU=0.50:0.95 | area=   all | maxDets=  1 ] = 0.207
 Average Recall     (AR) @[ IoU=0.50:0.95 | area=   all | maxDets= 10 ] = 0.243
 Average Recall     (AR) @[ IoU=0.50:0.95 | area=   all | maxDets=100 ] = 0.243
 Average Recall     (AR) @[ IoU=0.50:0.95 | area= small | maxDets=100 ] = -1.000
 Average Recall     (AR) @[ IoU=0.50:0.95 | area=medium | maxDets=100 ] = 0.300
 Average Recall     (AR) @[ IoU=0.50:0.95 | area= large | maxDets=100 ] = 0.255
05/03 18:06:05 - mmengine - INFO - bbox_mAP_copypaste: 0.147 0.260 0.146 -1.000 0.300 0.160
05/03 18:06:05 - mmengine - INFO - Epoch(val) [90][18/18]    coco/bbox_mAP: 0.1470  coco/bbox_mAP_50: 0.2600  coco/bbox_mAP_75: 0.1460  coco/bbox_mAP_s: -1.0000  coco/bbox_mAP_m: 0.3000  coco/bbox_mAP_l: 0.1600  data_time: 0.0134  time: 0.0248
05/03 18:06:10 - mmengine - INFO - Exp name: ocean_trash_train_20260503_175623
05/03 18:06:10 - mmengine - INFO - Epoch(train)  [91][8/8]  base_lr: 1.9475e-03 lr: 1.9475e-03  eta: 0:02:53  time: 0.6793  data_time: 0.4035  memory: 7439  grad_norm: 95.2638  loss: 43.5560  loss_cls: 10.9758  loss_bbox: 13.2854  loss_dfl: 19.2949
05/03 18:06:16 - mmengine - INFO - Exp name: ocean_trash_train_20260503_175623
05/03 18:06:16 - mmengine - INFO - Epoch(train)  [92][8/8]  base_lr: 1.8476e-03 lr: 1.8476e-03  eta: 0:02:47  time: 0.6832  data_time: 0.4080  memory: 7389  grad_norm: 95.4061  loss: 42.9593  loss_cls: 10.7562  loss_bbox: 13.0144  loss_dfl: 19.1887
05/03 18:06:21 - mmengine - INFO - Exp name: ocean_trash_train_20260503_175623
05/03 18:06:21 - mmengine - INFO - Epoch(train)  [93][8/8]  base_lr: 1.7499e-03 lr: 1.7499e-03  eta: 0:02:41  time: 0.6641  data_time: 0.3887  memory: 7422  grad_norm: 94.9678  loss: 42.7427  loss_cls: 10.6135  loss_bbox: 12.9259  loss_dfl: 19.2033
05/03 18:06:26 - mmengine - INFO - Exp name: ocean_trash_train_20260503_175623
05/03 18:06:26 - mmengine - INFO - Epoch(train)  [94][8/8]  base_lr: 1.6544e-03 lr: 1.6544e-03  eta: 0:02:34  time: 0.6585  data_time: 0.3825  memory: 7422  grad_norm: 93.4655  loss: 42.1561  loss_cls: 10.4000  loss_bbox: 12.6452  loss_dfl: 19.1109
05/03 18:06:32 - mmengine - INFO - Exp name: ocean_trash_train_20260503_175623
05/03 18:06:32 - mmengine - INFO - Epoch(train)  [95][8/8]  base_lr: 1.5613e-03 lr: 1.5613e-03  eta: 0:02:28  time: 0.6580  data_time: 0.3832  memory: 7455  grad_norm: 93.6636  loss: 41.7005  loss_cls: 10.2340  loss_bbox: 12.4421  loss_dfl: 19.0244
05/03 18:06:37 - mmengine - INFO - Exp name: ocean_trash_train_20260503_175623
05/03 18:06:37 - mmengine - INFO - Epoch(train)  [96][8/8]  base_lr: 1.4706e-03 lr: 1.4706e-03  eta: 0:02:22  time: 0.6586  data_time: 0.3842  memory: 7422  grad_norm: 93.6316  loss: 41.7317  loss_cls: 10.2921  loss_bbox: 12.3906  loss_dfl: 19.0490
05/03 18:06:43 - mmengine - INFO - Exp name: ocean_trash_train_20260503_175623
05/03 18:06:43 - mmengine - INFO - Epoch(train)  [97][8/8]  base_lr: 1.3823e-03 lr: 1.3823e-03  eta: 0:02:16  time: 0.6569  data_time: 0.3834  memory: 7389  grad_norm: 94.9395  loss: 41.3376  loss_cls: 10.1511  loss_bbox: 12.1673  loss_dfl: 19.0193
05/03 18:06:48 - mmengine - INFO - Exp name: ocean_trash_train_20260503_175623
05/03 18:06:48 - mmengine - INFO - Epoch(train)  [98][8/8]  base_lr: 1.2965e-03 lr: 1.2965e-03  eta: 0:02:10  time: 0.6558  data_time: 0.3813  memory: 7405  grad_norm: 92.1221  loss: 40.8422  loss_cls: 9.9577  loss_bbox: 11.9473  loss_dfl: 18.9372
05/03 18:06:54 - mmengine - INFO - Exp name: ocean_trash_train_20260503_175623
05/03 18:06:54 - mmengine - INFO - Epoch(train)  [99][8/8]  base_lr: 1.2133e-03 lr: 1.2133e-03  eta: 0:02:04  time: 0.6700  data_time: 0.3947  memory: 7455  grad_norm: 91.9842  loss: 40.4517  loss_cls: 9.7970  loss_bbox: 11.8067  loss_dfl: 18.8480
05/03 18:07:00 - mmengine - INFO - Exp name: ocean_trash_train_20260503_175623
05/03 18:07:00 - mmengine - INFO - Epoch(train) [100][8/8]  base_lr: 1.1328e-03 lr: 1.1328e-03  eta: 0:01:58  time: 0.6783  data_time: 0.4014  memory: 7405  grad_norm: 94.0966  loss: 40.5082  loss_cls: 9.8525  loss_bbox: 11.8081  loss_dfl: 18.8476
05/03 18:07:00 - mmengine - INFO - Saving checkpoint at 100 epochs
05/03 18:07:03 - mmengine - INFO - Evaluating bbox...
Loading and preparing results...
DONE (t=0.00s)
creating index...
index created!
Running per image evaluation...
Evaluate annotation type *bbox*
DONE (t=0.01s).
Accumulating evaluation results...
DONE (t=0.01s).
 Average Precision  (AP) @[ IoU=0.50:0.95 | area=   all | maxDets=100 ] = 0.116
 Average Precision  (AP) @[ IoU=0.50      | area=   all | maxDets=100 ] = 0.220
 Average Precision  (AP) @[ IoU=0.75      | area=   all | maxDets=100 ] = 0.127
 Average Precision  (AP) @[ IoU=0.50:0.95 | area= small | maxDets=100 ] = -1.000
 Average Precision  (AP) @[ IoU=0.50:0.95 | area=medium | maxDets=100 ] = 0.425
 Average Precision  (AP) @[ IoU=0.50:0.95 | area= large | maxDets=100 ] = 0.126
 Average Recall     (AR) @[ IoU=0.50:0.95 | area=   all | maxDets=  1 ] = 0.118
 Average Recall     (AR) @[ IoU=0.50:0.95 | area=   all | maxDets= 10 ] = 0.249
 Average Recall     (AR) @[ IoU=0.50:0.95 | area=   all | maxDets=100 ] = 0.249
 Average Recall     (AR) @[ IoU=0.50:0.95 | area= small | maxDets=100 ] = -1.000
 Average Recall     (AR) @[ IoU=0.50:0.95 | area=medium | maxDets=100 ] = 0.550
 Average Recall     (AR) @[ IoU=0.50:0.95 | area= large | maxDets=100 ] = 0.237
05/03 18:07:03 - mmengine - INFO - bbox_mAP_copypaste: 0.116 0.220 0.127 -1.000 0.425 0.126
05/03 18:07:03 - mmengine - INFO - Epoch(val) [100][18/18]    coco/bbox_mAP: 0.1160  coco/bbox_mAP_50: 0.2200  coco/bbox_mAP_75: 0.1270  coco/bbox_mAP_s: -1.0000  coco/bbox_mAP_m: 0.4250  coco/bbox_mAP_l: 0.1260  data_time: 0.0087  time: 0.0239
05/03 18:07:09 - mmengine - INFO - Exp name: ocean_trash_train_20260503_175623
05/03 18:07:09 - mmengine - INFO - Epoch(train) [101][8/8]  base_lr: 1.0549e-03 lr: 1.0549e-03  eta: 0:01:52  time: 0.6783  data_time: 0.4035  memory: 7405  grad_norm: 94.5011  loss: 40.4515  loss_cls: 9.8528  loss_bbox: 11.7127  loss_dfl: 18.8861
05/03 18:07:15 - mmengine - INFO - Exp name: ocean_trash_train_20260503_175623
05/03 18:07:15 - mmengine - INFO - Epoch(train) [102][8/8]  base_lr: 9.7977e-04 lr: 9.7977e-04  eta: 0:01:46  time: 0.6829  data_time: 0.4094  memory: 7472  grad_norm: 93.0415  loss: 39.9214  loss_cls: 9.6420  loss_bbox: 11.5490  loss_dfl: 18.7304
05/03 18:07:20 - mmengine - INFO - Exp name: ocean_trash_train_20260503_175623
05/03 18:07:20 - mmengine - INFO - Epoch(train) [103][8/8]  base_lr: 9.0743e-04 lr: 9.0743e-04  eta: 0:01:40  time: 0.6897  data_time: 0.4171  memory: 7455  grad_norm: 92.4629  loss: 39.5616  loss_cls: 9.4834  loss_bbox: 11.4066  loss_dfl: 18.6716
05/03 18:07:26 - mmengine - INFO - Exp name: ocean_trash_train_20260503_175623
05/03 18:07:26 - mmengine - INFO - Epoch(train) [104][8/8]  base_lr: 8.3792e-04 lr: 8.3792e-04  eta: 0:01:34  time: 0.6899  data_time: 0.4196  memory: 7389  grad_norm: 91.6765  loss: 39.5163  loss_cls: 9.4407  loss_bbox: 11.4198  loss_dfl: 18.6558
05/03 18:07:31 - mmengine - INFO - Exp name: ocean_trash_train_20260503_175623
05/03 18:07:31 - mmengine - INFO - Epoch(train) [105][8/8]  base_lr: 7.7130e-04 lr: 7.7130e-04  eta: 0:01:28  time: 0.6807  data_time: 0.4110  memory: 7405  grad_norm: 91.8688  loss: 39.3011  loss_cls: 9.3810  loss_bbox: 11.3102  loss_dfl: 18.6099
05/03 18:07:37 - mmengine - INFO - Exp name: ocean_trash_train_20260503_175623
05/03 18:07:37 - mmengine - INFO - Epoch(train) [106][8/8]  base_lr: 7.0761e-04 lr: 7.0761e-04  eta: 0:01:22  time: 0.6773  data_time: 0.4111  memory: 7439  grad_norm: 90.8701  loss: 38.8163  loss_cls: 9.2563  loss_bbox: 11.0623  loss_dfl: 18.4976
05/03 18:07:42 - mmengine - INFO - Exp name: ocean_trash_train_20260503_175623
05/03 18:07:42 - mmengine - INFO - Epoch(train) [107][8/8]  base_lr: 6.4690e-04 lr: 6.4690e-04  eta: 0:01:16  time: 0.6725  data_time: 0.4044  memory: 7472  grad_norm: 90.5655  loss: 38.6057  loss_cls: 9.1258  loss_bbox: 11.0145  loss_dfl: 18.4654
05/03 18:07:48 - mmengine - INFO - Exp name: ocean_trash_train_20260503_175623
05/03 18:07:48 - mmengine - INFO - Epoch(train) [108][8/8]  base_lr: 5.8920e-04 lr: 5.8920e-04  eta: 0:01:10  time: 0.6742  data_time: 0.4029  memory: 7439  grad_norm: 91.8816  loss: 38.8104  loss_cls: 9.2156  loss_bbox: 11.0911  loss_dfl: 18.5037
05/03 18:07:54 - mmengine - INFO - Exp name: ocean_trash_train_20260503_175623
05/03 18:07:54 - mmengine - INFO - Epoch(train) [109][8/8]  base_lr: 5.3456e-04 lr: 5.3456e-04  eta: 0:01:05  time: 0.6789  data_time: 0.4066  memory: 7422  grad_norm: 90.5816  loss: 38.5485  loss_cls: 9.1121  loss_bbox: 10.9914  loss_dfl: 18.4451
05/03 18:07:59 - mmengine - INFO - Exp name: ocean_trash_train_20260503_175623
05/03 18:07:59 - mmengine - INFO - Epoch(train) [110][8/8]  base_lr: 4.8302e-04 lr: 4.8302e-04  eta: 0:00:59  time: 0.6740  data_time: 0.4011  memory: 7389  grad_norm: 90.9507  loss: 38.4200  loss_cls: 9.0507  loss_bbox: 10.9058  loss_dfl: 18.4635
05/03 18:07:59 - mmengine - INFO - Saving checkpoint at 110 epochs
05/03 18:08:01 - mmengine - INFO - Evaluating bbox...
Loading and preparing results...
DONE (t=0.00s)
creating index...
index created!
Running per image evaluation...
Evaluate annotation type *bbox*
DONE (t=0.01s).
Accumulating evaluation results...
DONE (t=0.01s).
 Average Precision  (AP) @[ IoU=0.50:0.95 | area=   all | maxDets=100 ] = 0.117
 Average Precision  (AP) @[ IoU=0.50      | area=   all | maxDets=100 ] = 0.248
 Average Precision  (AP) @[ IoU=0.75      | area=   all | maxDets=100 ] = 0.095
 Average Precision  (AP) @[ IoU=0.50:0.95 | area= small | maxDets=100 ] = -1.000
 Average Precision  (AP) @[ IoU=0.50:0.95 | area=medium | maxDets=100 ] = 0.400
 Average Precision  (AP) @[ IoU=0.50:0.95 | area= large | maxDets=100 ] = 0.128
 Average Recall     (AR) @[ IoU=0.50:0.95 | area=   all | maxDets=  1 ] = 0.108
 Average Recall     (AR) @[ IoU=0.50:0.95 | area=   all | maxDets= 10 ] = 0.198
 Average Recall     (AR) @[ IoU=0.50:0.95 | area=   all | maxDets=100 ] = 0.223
 Average Recall     (AR) @[ IoU=0.50:0.95 | area= small | maxDets=100 ] = -1.000
 Average Recall     (AR) @[ IoU=0.50:0.95 | area=medium | maxDets=100 ] = 0.500
 Average Recall     (AR) @[ IoU=0.50:0.95 | area= large | maxDets=100 ] = 0.219
05/03 18:08:01 - mmengine - INFO - bbox_mAP_copypaste: 0.117 0.248 0.095 -1.000 0.400 0.128
05/03 18:08:01 - mmengine - INFO - Epoch(val) [110][18/18]    coco/bbox_mAP: 0.1170  coco/bbox_mAP_50: 0.2480  coco/bbox_mAP_75: 0.0950  coco/bbox_mAP_s: -1.0000  coco/bbox_mAP_m: 0.4000  coco/bbox_mAP_l: 0.1280  data_time: 0.0152  time: 0.0243
05/03 18:08:07 - mmengine - INFO - Exp name: ocean_trash_train_20260503_175623
05/03 18:08:07 - mmengine - INFO - Epoch(train) [111][8/8]  base_lr: 4.3461e-04 lr: 4.3461e-04  eta: 0:00:53  time: 0.6765  data_time: 0.4034  memory: 7422  grad_norm: 90.4273  loss: 38.1256  loss_cls: 9.0228  loss_bbox: 10.7320  loss_dfl: 18.3708
05/03 18:08:12 - mmengine - INFO - Exp name: ocean_trash_train_20260503_175623
05/03 18:08:12 - mmengine - INFO - Epoch(train) [112][8/8]  base_lr: 3.8936e-04 lr: 3.8936e-04  eta: 0:00:47  time: 0.6714  data_time: 0.3979  memory: 7439  grad_norm: 89.3412  loss: 37.8176  loss_cls: 8.8776  loss_bbox: 10.6265  loss_dfl: 18.3135
05/03 18:08:17 - mmengine - INFO - Exp name: ocean_trash_train_20260503_175623
05/03 18:08:17 - mmengine - INFO - Epoch(train) [113][8/8]  base_lr: 3.4730e-04 lr: 3.4730e-04  eta: 0:00:41  time: 0.6656  data_time: 0.3936  memory: 7439  grad_norm: 89.1550  loss: 37.7369  loss_cls: 8.7818  loss_bbox: 10.5779  loss_dfl: 18.3772
05/03 18:08:23 - mmengine - INFO - Exp name: ocean_trash_train_20260503_175623
05/03 18:08:23 - mmengine - INFO - Epoch(train) [114][8/8]  base_lr: 3.0847e-04 lr: 3.0847e-04  eta: 0:00:35  time: 0.6677  data_time: 0.3946  memory: 7422  grad_norm: 87.9964  loss: 37.5190  loss_cls: 8.6949  loss_bbox: 10.4627  loss_dfl: 18.3614
05/03 18:08:28 - mmengine - INFO - Exp name: ocean_trash_train_20260503_175623
05/03 18:08:28 - mmengine - INFO - Epoch(train) [115][8/8]  base_lr: 2.7289e-04 lr: 2.7289e-04  eta: 0:00:29  time: 0.6546  data_time: 0.3806  memory: 7439  grad_norm: 87.9524  loss: 37.3295  loss_cls: 8.6688  loss_bbox: 10.3210  loss_dfl: 18.3397
05/03 18:08:33 - mmengine - INFO - Exp name: ocean_trash_train_20260503_175623
05/03 18:08:33 - mmengine - INFO - Epoch(train) [116][8/8]  base_lr: 2.4058e-04 lr: 2.4058e-04  eta: 0:00:23  time: 0.6533  data_time: 0.3789  memory: 7405  grad_norm: 86.7660  loss: 36.9340  loss_cls: 8.5201  loss_bbox: 10.1549  loss_dfl: 18.2590
05/03 18:08:39 - mmengine - INFO - Exp name: ocean_trash_train_20260503_175623
05/03 18:08:39 - mmengine - INFO - Epoch(train) [117][8/8]  base_lr: 2.1156e-04 lr: 2.1156e-04  eta: 0:00:17  time: 0.6562  data_time: 0.3828  memory: 7439  grad_norm: 86.5039  loss: 37.0696  loss_cls: 8.5179  loss_bbox: 10.2424  loss_dfl: 18.3093
05/03 18:08:44 - mmengine - INFO - Exp name: ocean_trash_train_20260503_175623
05/03 18:08:44 - mmengine - INFO - Epoch(train) [118][8/8]  base_lr: 1.8587e-04 lr: 1.8587e-04  eta: 0:00:11  time: 0.6533  data_time: 0.3797  memory: 7422  grad_norm: 87.6113  loss: 37.1020  loss_cls: 8.5377  loss_bbox: 10.2158  loss_dfl: 18.3485
05/03 18:08:50 - mmengine - INFO - Exp name: ocean_trash_train_20260503_175623
05/03 18:08:50 - mmengine - INFO - Epoch(train) [119][8/8]  base_lr: 1.6350e-04 lr: 1.6350e-04  eta: 0:00:05  time: 0.6636  data_time: 0.3897  memory: 7422  grad_norm: 87.8354  loss: 36.6951  loss_cls: 8.3859  loss_bbox: 10.0318  loss_dfl: 18.2774
05/03 18:08:55 - mmengine - INFO - Exp name: ocean_trash_train_20260503_175623
05/03 18:08:55 - mmengine - INFO - Epoch(train) [120][8/8]  base_lr: 1.4449e-04 lr: 1.4449e-04  eta: 0:00:00  time: 0.6532  data_time: 0.3828  memory: 7472  grad_norm: 87.3692  loss: 36.3926  loss_cls: 8.2779  loss_bbox: 9.9062  loss_dfl: 18.2084
05/03 18:08:55 - mmengine - INFO - Saving checkpoint at 120 epochs
05/03 18:08:57 - mmengine - INFO - Evaluating bbox...
Loading and preparing results...
DONE (t=0.00s)
creating index...
index created!
Running per image evaluation...
Evaluate annotation type *bbox*
DONE (t=0.01s).
Accumulating evaluation results...
DONE (t=0.01s).
 Average Precision  (AP) @[ IoU=0.50:0.95 | area=   all | maxDets=100 ] = 0.134
 Average Precision  (AP) @[ IoU=0.50      | area=   all | maxDets=100 ] = 0.243
 Average Precision  (AP) @[ IoU=0.75      | area=   all | maxDets=100 ] = 0.143
 Average Precision  (AP) @[ IoU=0.50:0.95 | area= small | maxDets=100 ] = -1.000
 Average Precision  (AP) @[ IoU=0.50:0.95 | area=medium | maxDets=100 ] = 0.375
 Average Precision  (AP) @[ IoU=0.50:0.95 | area= large | maxDets=100 ] = 0.144
 Average Recall     (AR) @[ IoU=0.50:0.95 | area=   all | maxDets=  1 ] = 0.144
 Average Recall     (AR) @[ IoU=0.50:0.95 | area=   all | maxDets= 10 ] = 0.207
 Average Recall     (AR) @[ IoU=0.50:0.95 | area=   all | maxDets=100 ] = 0.207
 Average Recall     (AR) @[ IoU=0.50:0.95 | area= small | maxDets=100 ] = -1.000
 Average Recall     (AR) @[ IoU=0.50:0.95 | area=medium | maxDets=100 ] = 0.450
 Average Recall     (AR) @[ IoU=0.50:0.95 | area= large | maxDets=100 ] = 0.207
05/03 18:08:57 - mmengine - INFO - bbox_mAP_copypaste: 0.134 0.243 0.143 -1.000 0.375 0.144
05/03 18:08:57 - mmengine - INFO - Epoch(val) [120][18/18]    coco/bbox_mAP: 0.1340  coco/bbox_mAP_50: 0.2430  coco/bbox_mAP_75: 0.1430  coco/bbox_mAP_s: -1.0000  coco/bbox_mAP_m: 0.3750  coco/bbox_mAP_l: 0.1440  data_time: 0.0148  time: 0.0237